{"D:\\COLLEGE\\Internships\\Cittaa\\Backend\\app.js": {"path":"D:\\COLLEGE\\Internships\\Cittaa\\Backend\\app.js","statementMap":{"0":{"start":{"line":13,"column":12},"end":{"line":13,"column":21}},"1":{"start":{"line":14,"column":0},"end":{"line":14,"column":24}},"2":{"start":{"line":15,"column":0},"end":{"line":15,"column":48}},"3":{"start":{"line":16,"column":0},"end":{"line":16,"column":49}},"4":{"start":{"line":18,"column":20},"end":{"line":21,"column":1}},"5":{"start":{"line":22,"column":0},"end":{"line":22,"column":27}},"6":{"start":{"line":25,"column":16},"end":{"line":25,"column":49}},"7":{"start":{"line":26,"column":0},"end":{"line":26,"column":106}},"8":{"start":{"line":26,"column":35},"end":{"line":26,"column":105}},"9":{"start":{"line":27,"column":0},"end":{"line":27,"column":39}},"10":{"start":{"line":28,"column":0},"end":{"line":28,"column":45}},"11":{"start":{"line":29,"column":0},"end":{"line":29,"column":41}},"12":{"start":{"line":30,"column":0},"end":{"line":30,"column":39}},"13":{"start":{"line":31,"column":0},"end":{"line":31,"column":41}},"14":{"start":{"line":32,"column":0},"end":{"line":32,"column":30}},"15":{"start":{"line":33,"column":0},"end":{"line":33,"column":22}}},"fnMap":{"0":{"name":"(anonymous_0)","decl":{"start":{"line":26,"column":21},"end":{"line":26,"column":22}},"loc":{"start":{"line":26,"column":35},"end":{"line":26,"column":105}},"line":26}},"branchMap":{},"s":{"0":9,"1":9,"2":9,"3":9,"4":9,"5":9,"6":9,"7":9,"8":1,"9":9,"10":9,"11":9,"12":9,"13":9,"14":9,"15":9},"f":{"0":1},"b":{},"_coverageSchema":"1a1c01bbd47fc00a2c39e90264f33305004495a9","hash":"e7a1d6a97fa74bf14c628673eb86eb5780c62f00"}
,"D:\\COLLEGE\\Internships\\Cittaa\\Backend\\controllers\\auth.js": {"path":"D:\\COLLEGE\\Internships\\Cittaa\\Backend\\controllers\\auth.js","statementMap":{"0":{"start":{"line":9,"column":27},"end":{"line":20,"column":1}},"1":{"start":{"line":10,"column":4},"end":{"line":19,"column":5}},"2":{"start":{"line":23,"column":24},"end":{"line":58,"column":1}},"3":{"start":{"line":24,"column":4},"end":{"line":57,"column":5}},"4":{"start":{"line":25,"column":71},"end":{"line":25,"column":79}},"5":{"start":{"line":27,"column":21},"end":{"line":27,"column":42}},"6":{"start":{"line":28,"column":8},"end":{"line":31,"column":9}},"7":{"start":{"line":29,"column":12},"end":{"line":29,"column":76}},"8":{"start":{"line":30,"column":12},"end":{"line":30,"column":72}},"9":{"start":{"line":33,"column":19},"end":{"line":33,"column":46}},"10":{"start":{"line":34,"column":8},"end":{"line":37,"column":9}},"11":{"start":{"line":35,"column":12},"end":{"line":35,"column":67}},"12":{"start":{"line":36,"column":12},"end":{"line":36,"column":75}},"13":{"start":{"line":39,"column":20},"end":{"line":39,"column":42}},"14":{"start":{"line":40,"column":31},"end":{"line":40,"column":64}},"15":{"start":{"line":42,"column":24},"end":{"line":49,"column":10}},"16":{"start":{"line":50,"column":8},"end":{"line":50,"column":29}},"17":{"start":{"line":51,"column":8},"end":{"line":51,"column":61}},"18":{"start":{"line":52,"column":8},"end":{"line":52,"column":84}},"19":{"start":{"line":55,"column":8},"end":{"line":55,"column":69}},"20":{"start":{"line":56,"column":8},"end":{"line":56,"column":18}},"21":{"start":{"line":61,"column":21},"end":{"line":103,"column":1}},"22":{"start":{"line":62,"column":4},"end":{"line":102,"column":5}},"23":{"start":{"line":63,"column":34},"end":{"line":63,"column":42}},"24":{"start":{"line":65,"column":21},"end":{"line":65,"column":42}},"25":{"start":{"line":66,"column":8},"end":{"line":69,"column":9}},"26":{"start":{"line":67,"column":12},"end":{"line":67,"column":75}},"27":{"start":{"line":68,"column":12},"end":{"line":68,"column":72}},"28":{"start":{"line":71,"column":19},"end":{"line":71,"column":78}},"29":{"start":{"line":72,"column":8},"end":{"line":75,"column":9}},"30":{"start":{"line":73,"column":12},"end":{"line":73,"column":62}},"31":{"start":{"line":74,"column":12},"end":{"line":74,"column":70}},"32":{"start":{"line":77,"column":24},"end":{"line":77,"column":69}},"33":{"start":{"line":78,"column":8},"end":{"line":81,"column":9}},"34":{"start":{"line":79,"column":12},"end":{"line":79,"column":66}},"35":{"start":{"line":80,"column":12},"end":{"line":80,"column":75}},"36":{"start":{"line":83,"column":22},"end":{"line":83,"column":42}},"37":{"start":{"line":85,"column":8},"end":{"line":85,"column":25}},"38":{"start":{"line":86,"column":8},"end":{"line":86,"column":34}},"39":{"start":{"line":88,"column":22},"end":{"line":94,"column":9}},"40":{"start":{"line":96,"column":8},"end":{"line":96,"column":60}},"41":{"start":{"line":97,"column":8},"end":{"line":97,"column":88}},"42":{"start":{"line":100,"column":8},"end":{"line":100,"column":68}},"43":{"start":{"line":101,"column":8},"end":{"line":101,"column":18}},"44":{"start":{"line":106,"column":22},"end":{"line":115,"column":1}},"45":{"start":{"line":107,"column":4},"end":{"line":114,"column":5}},"46":{"start":{"line":108,"column":8},"end":{"line":108,"column":72}},"47":{"start":{"line":109,"column":8},"end":{"line":109,"column":67}},"48":{"start":{"line":112,"column":8},"end":{"line":112,"column":69}},"49":{"start":{"line":113,"column":8},"end":{"line":113,"column":18}}},"fnMap":{"0":{"name":"(anonymous_0)","decl":{"start":{"line":9,"column":27},"end":{"line":9,"column":28}},"loc":{"start":{"line":9,"column":35},"end":{"line":20,"column":1}},"line":9},"1":{"name":"(anonymous_1)","decl":{"start":{"line":23,"column":24},"end":{"line":23,"column":25}},"loc":{"start":{"line":23,"column":50},"end":{"line":58,"column":1}},"line":23},"2":{"name":"(anonymous_2)","decl":{"start":{"line":61,"column":21},"end":{"line":61,"column":22}},"loc":{"start":{"line":61,"column":47},"end":{"line":103,"column":1}},"line":61},"3":{"name":"(anonymous_3)","decl":{"start":{"line":106,"column":22},"end":{"line":106,"column":23}},"loc":{"start":{"line":106,"column":48},"end":{"line":115,"column":1}},"line":106}},"branchMap":{"0":{"loc":{"start":{"line":28,"column":8},"end":{"line":31,"column":9}},"type":"if","locations":[{"start":{"line":28,"column":8},"end":{"line":31,"column":9}},{"start":{},"end":{}}],"line":28},"1":{"loc":{"start":{"line":34,"column":8},"end":{"line":37,"column":9}},"type":"if","locations":[{"start":{"line":34,"column":8},"end":{"line":37,"column":9}},{"start":{},"end":{}}],"line":34},"2":{"loc":{"start":{"line":66,"column":8},"end":{"line":69,"column":9}},"type":"if","locations":[{"start":{"line":66,"column":8},"end":{"line":69,"column":9}},{"start":{},"end":{}}],"line":66},"3":{"loc":{"start":{"line":72,"column":8},"end":{"line":75,"column":9}},"type":"if","locations":[{"start":{"line":72,"column":8},"end":{"line":75,"column":9}},{"start":{},"end":{}}],"line":72},"4":{"loc":{"start":{"line":78,"column":8},"end":{"line":81,"column":9}},"type":"if","locations":[{"start":{"line":78,"column":8},"end":{"line":81,"column":9}},{"start":{},"end":{}}],"line":78}},"s":{"0":9,"1":4,"2":9,"3":2,"4":2,"5":2,"6":2,"7":1,"8":1,"9":1,"10":1,"11":0,"12":0,"13":1,"14":1,"15":1,"16":1,"17":1,"18":1,"19":0,"20":0,"21":9,"22":5,"23":5,"24":5,"25":5,"26":0,"27":0,"28":5,"29":5,"30":0,"31":0,"32":5,"33":5,"34":1,"35":1,"36":4,"37":4,"38":4,"39":4,"40":4,"41":4,"42":0,"43":0,"44":9,"45":2,"46":2,"47":2,"48":0,"49":0},"f":{"0":4,"1":2,"2":5,"3":2},"b":{"0":[1,1],"1":[0,1],"2":[0,5],"3":[0,5],"4":[1,4]},"_coverageSchema":"1a1c01bbd47fc00a2c39e90264f33305004495a9","hash":"608954e8f99e778dd6c2579786ce08c79c365ecf"}
,"D:\\COLLEGE\\Internships\\Cittaa\\Backend\\controllers\\orders.js": {"path":"D:\\COLLEGE\\Internships\\Cittaa\\Backend\\controllers\\orders.js","statementMap":{"0":{"start":{"line":11,"column":31},"end":{"line":63,"column":1}},"1":{"start":{"line":12,"column":4},"end":{"line":62,"column":5}},"2":{"start":{"line":13,"column":28},"end":{"line":13,"column":36}},"3":{"start":{"line":14,"column":49},"end":{"line":14,"column":58}},"4":{"start":{"line":16,"column":24},"end":{"line":16,"column":58}},"5":{"start":{"line":17,"column":8},"end":{"line":17,"column":82}},"6":{"start":{"line":17,"column":22},"end":{"line":17,"column":82}},"7":{"start":{"line":18,"column":8},"end":{"line":22,"column":9}},"8":{"start":{"line":19,"column":12},"end":{"line":19,"column":63}},"9":{"start":{"line":20,"column":12},"end":{"line":20,"column":68}},"10":{"start":{"line":21,"column":12},"end":{"line":21,"column":75}},"11":{"start":{"line":24,"column":24},"end":{"line":27,"column":9}},"12":{"start":{"line":28,"column":22},"end":{"line":28,"column":67}},"13":{"start":{"line":30,"column":21},"end":{"line":30,"column":49}},"14":{"start":{"line":31,"column":25},"end":{"line":38,"column":10}},"15":{"start":{"line":40,"column":26},"end":{"line":44,"column":10}},"16":{"start":{"line":45,"column":8},"end":{"line":51,"column":9}},"17":{"start":{"line":46,"column":12},"end":{"line":46,"column":43}},"18":{"start":{"line":47,"column":12},"end":{"line":47,"column":35}},"19":{"start":{"line":50,"column":12},"end":{"line":50,"column":34}},"20":{"start":{"line":53,"column":8},"end":{"line":53,"column":83}},"21":{"start":{"line":54,"column":8},"end":{"line":57,"column":11}},"22":{"start":{"line":60,"column":8},"end":{"line":60,"column":69}},"23":{"start":{"line":61,"column":8},"end":{"line":61,"column":20}},"24":{"start":{"line":65,"column":28},"end":{"line":129,"column":1}},"25":{"start":{"line":66,"column":4},"end":{"line":128,"column":5}},"26":{"start":{"line":67,"column":28},"end":{"line":67,"column":36}},"27":{"start":{"line":68,"column":21},"end":{"line":68,"column":49}},"28":{"start":{"line":70,"column":8},"end":{"line":73,"column":9}},"29":{"start":{"line":71,"column":12},"end":{"line":71,"column":68}},"30":{"start":{"line":72,"column":12},"end":{"line":72,"column":68}},"31":{"start":{"line":75,"column":27},"end":{"line":75,"column":90}},"32":{"start":{"line":75,"column":52},"end":{"line":75,"column":89}},"33":{"start":{"line":76,"column":25},"end":{"line":76,"column":73}},"34":{"start":{"line":78,"column":26},"end":{"line":78,"column":27}},"35":{"start":{"line":79,"column":8},"end":{"line":86,"column":11}},"36":{"start":{"line":80,"column":12},"end":{"line":84,"column":13}},"37":{"start":{"line":80,"column":57},"end":{"line":80,"column":98}},"38":{"start":{"line":81,"column":16},"end":{"line":81,"column":68}},"39":{"start":{"line":82,"column":16},"end":{"line":82,"column":73}},"40":{"start":{"line":83,"column":16},"end":{"line":83,"column":79}},"41":{"start":{"line":85,"column":12},"end":{"line":85,"column":119}},"42":{"start":{"line":85,"column":66},"end":{"line":85,"column":107}},"43":{"start":{"line":87,"column":24},"end":{"line":90,"column":9}},"44":{"start":{"line":91,"column":22},"end":{"line":91,"column":67}},"45":{"start":{"line":93,"column":26},"end":{"line":100,"column":10}},"46":{"start":{"line":102,"column":27},"end":{"line":102,"column":90}},"47":{"start":{"line":103,"column":24},"end":{"line":103,"column":28}},"48":{"start":{"line":104,"column":8},"end":{"line":108,"column":11}},"49":{"start":{"line":105,"column":12},"end":{"line":107,"column":13}},"50":{"start":{"line":106,"column":16},"end":{"line":106,"column":34}},"51":{"start":{"line":109,"column":8},"end":{"line":115,"column":9}},"52":{"start":{"line":110,"column":12},"end":{"line":110,"column":43}},"53":{"start":{"line":111,"column":12},"end":{"line":111,"column":35}},"54":{"start":{"line":114,"column":12},"end":{"line":114,"column":34}},"55":{"start":{"line":116,"column":8},"end":{"line":116,"column":23}},"56":{"start":{"line":117,"column":8},"end":{"line":117,"column":26}},"57":{"start":{"line":119,"column":8},"end":{"line":119,"column":91}},"58":{"start":{"line":120,"column":8},"end":{"line":123,"column":11}},"59":{"start":{"line":126,"column":8},"end":{"line":126,"column":69}},"60":{"start":{"line":127,"column":8},"end":{"line":127,"column":20}},"61":{"start":{"line":131,"column":35},"end":{"line":171,"column":1}},"62":{"start":{"line":132,"column":4},"end":{"line":170,"column":5}},"63":{"start":{"line":133,"column":79},"end":{"line":133,"column":87}},"64":{"start":{"line":135,"column":21},"end":{"line":135,"column":66}},"65":{"start":{"line":137,"column":34},"end":{"line":140,"column":26}},"66":{"start":{"line":142,"column":28},"end":{"line":142,"column":68}},"67":{"start":{"line":143,"column":22},"end":{"line":143,"column":75}},"68":{"start":{"line":145,"column":8},"end":{"line":165,"column":9}},"69":{"start":{"line":146,"column":12},"end":{"line":146,"column":46}},"70":{"start":{"line":147,"column":12},"end":{"line":147,"column":31}},"71":{"start":{"line":149,"column":12},"end":{"line":153,"column":14}},"72":{"start":{"line":150,"column":35},"end":{"line":150,"column":76}},"73":{"start":{"line":151,"column":16},"end":{"line":151,"column":56}},"74":{"start":{"line":152,"column":16},"end":{"line":152,"column":40}},"75":{"start":{"line":155,"column":12},"end":{"line":155,"column":67}},"76":{"start":{"line":156,"column":12},"end":{"line":158,"column":14}},"77":{"start":{"line":161,"column":12},"end":{"line":161,"column":79}},"78":{"start":{"line":162,"column":12},"end":{"line":164,"column":14}},"79":{"start":{"line":168,"column":8},"end":{"line":168,"column":72}},"80":{"start":{"line":169,"column":8},"end":{"line":169,"column":20}},"81":{"start":{"line":173,"column":24},"end":{"line":200,"column":1}},"82":{"start":{"line":174,"column":4},"end":{"line":199,"column":5}},"83":{"start":{"line":175,"column":22},"end":{"line":179,"column":10}},"84":{"start":{"line":180,"column":8},"end":{"line":183,"column":9}},"85":{"start":{"line":181,"column":12},"end":{"line":181,"column":99}},"86":{"start":{"line":182,"column":12},"end":{"line":182,"column":93}},"87":{"start":{"line":185,"column":25},"end":{"line":190,"column":11}},"88":{"start":{"line":186,"column":28},"end":{"line":188,"column":104}},"89":{"start":{"line":189,"column":12},"end":{"line":189,"column":66}},"90":{"start":{"line":191,"column":8},"end":{"line":191,"column":34}},"91":{"start":{"line":193,"column":8},"end":{"line":193,"column":83}},"92":{"start":{"line":194,"column":8},"end":{"line":194,"column":53}},"93":{"start":{"line":197,"column":8},"end":{"line":197,"column":86}},"94":{"start":{"line":198,"column":8},"end":{"line":198,"column":20}},"95":{"start":{"line":202,"column":29},"end":{"line":232,"column":1}},"96":{"start":{"line":203,"column":4},"end":{"line":231,"column":5}},"97":{"start":{"line":204,"column":56},"end":{"line":204,"column":65}},"98":{"start":{"line":206,"column":23},"end":{"line":213,"column":14}},"99":{"start":{"line":215,"column":35},"end":{"line":223,"column":11}},"100":{"start":{"line":216,"column":29},"end":{"line":221,"column":15}},"101":{"start":{"line":217,"column":32},"end":{"line":219,"column":108}},"102":{"start":{"line":220,"column":16},"end":{"line":220,"column":70}},"103":{"start":{"line":222,"column":12},"end":{"line":222,"column":53}},"104":{"start":{"line":225,"column":8},"end":{"line":225,"column":67}},"105":{"start":{"line":226,"column":8},"end":{"line":226,"column":74}},"106":{"start":{"line":229,"column":8},"end":{"line":229,"column":70}},"107":{"start":{"line":230,"column":8},"end":{"line":230,"column":20}}},"fnMap":{"0":{"name":"(anonymous_0)","decl":{"start":{"line":11,"column":31},"end":{"line":11,"column":32}},"loc":{"start":{"line":11,"column":57},"end":{"line":63,"column":1}},"line":11},"1":{"name":"(anonymous_1)","decl":{"start":{"line":65,"column":28},"end":{"line":65,"column":29}},"loc":{"start":{"line":65,"column":54},"end":{"line":129,"column":1}},"line":65},"2":{"name":"(anonymous_2)","decl":{"start":{"line":75,"column":41},"end":{"line":75,"column":42}},"loc":{"start":{"line":75,"column":52},"end":{"line":75,"column":89}},"line":75},"3":{"name":"(anonymous_3)","decl":{"start":{"line":79,"column":25},"end":{"line":79,"column":26}},"loc":{"start":{"line":79,"column":36},"end":{"line":86,"column":9}},"line":79},"4":{"name":"(anonymous_4)","decl":{"start":{"line":80,"column":49},"end":{"line":80,"column":50}},"loc":{"start":{"line":80,"column":57},"end":{"line":80,"column":98}},"line":80},"5":{"name":"(anonymous_5)","decl":{"start":{"line":85,"column":58},"end":{"line":85,"column":59}},"loc":{"start":{"line":85,"column":66},"end":{"line":85,"column":107}},"line":85},"6":{"name":"(anonymous_6)","decl":{"start":{"line":104,"column":27},"end":{"line":104,"column":28}},"loc":{"start":{"line":104,"column":36},"end":{"line":108,"column":9}},"line":104},"7":{"name":"(anonymous_7)","decl":{"start":{"line":131,"column":35},"end":{"line":131,"column":36}},"loc":{"start":{"line":131,"column":61},"end":{"line":171,"column":1}},"line":131},"8":{"name":"(anonymous_8)","decl":{"start":{"line":149,"column":35},"end":{"line":149,"column":36}},"loc":{"start":{"line":149,"column":52},"end":{"line":153,"column":13}},"line":149},"9":{"name":"(anonymous_9)","decl":{"start":{"line":173,"column":24},"end":{"line":173,"column":25}},"loc":{"start":{"line":173,"column":50},"end":{"line":200,"column":1}},"line":173},"10":{"name":"(anonymous_10)","decl":{"start":{"line":185,"column":62},"end":{"line":185,"column":63}},"loc":{"start":{"line":185,"column":88},"end":{"line":190,"column":9}},"line":185},"11":{"name":"(anonymous_11)","decl":{"start":{"line":202,"column":29},"end":{"line":202,"column":30}},"loc":{"start":{"line":202,"column":55},"end":{"line":232,"column":1}},"line":202},"12":{"name":"(anonymous_12)","decl":{"start":{"line":215,"column":69},"end":{"line":215,"column":70}},"loc":{"start":{"line":215,"column":86},"end":{"line":223,"column":9}},"line":215},"13":{"name":"(anonymous_13)","decl":{"start":{"line":216,"column":66},"end":{"line":216,"column":67}},"loc":{"start":{"line":216,"column":92},"end":{"line":221,"column":13}},"line":216}},"branchMap":{"0":{"loc":{"start":{"line":14,"column":32},"end":{"line":14,"column":44}},"type":"default-arg","locations":[{"start":{"line":14,"column":43},"end":{"line":14,"column":44}}],"line":14},"1":{"loc":{"start":{"line":17,"column":8},"end":{"line":17,"column":82}},"type":"if","locations":[{"start":{"line":17,"column":8},"end":{"line":17,"column":82}},{"start":{},"end":{}}],"line":17},"2":{"loc":{"start":{"line":18,"column":8},"end":{"line":22,"column":9}},"type":"if","locations":[{"start":{"line":18,"column":8},"end":{"line":22,"column":9}},{"start":{},"end":{}}],"line":18},"3":{"loc":{"start":{"line":45,"column":8},"end":{"line":51,"column":9}},"type":"if","locations":[{"start":{"line":45,"column":8},"end":{"line":51,"column":9}},{"start":{"line":49,"column":12},"end":{"line":51,"column":9}}],"line":45},"4":{"loc":{"start":{"line":70,"column":8},"end":{"line":73,"column":9}},"type":"if","locations":[{"start":{"line":70,"column":8},"end":{"line":73,"column":9}},{"start":{},"end":{}}],"line":70},"5":{"loc":{"start":{"line":80,"column":12},"end":{"line":84,"column":13}},"type":"if","locations":[{"start":{"line":80,"column":12},"end":{"line":84,"column":13}},{"start":{},"end":{}}],"line":80},"6":{"loc":{"start":{"line":105,"column":12},"end":{"line":107,"column":13}},"type":"if","locations":[{"start":{"line":105,"column":12},"end":{"line":107,"column":13}},{"start":{},"end":{}}],"line":105},"7":{"loc":{"start":{"line":105,"column":15},"end":{"line":105,"column":131}},"type":"binary-expr","locations":[{"start":{"line":105,"column":15},"end":{"line":105,"column":25}},{"start":{"line":105,"column":29},"end":{"line":105,"column":69}},{"start":{"line":105,"column":73},"end":{"line":105,"column":131}}],"line":105},"8":{"loc":{"start":{"line":109,"column":8},"end":{"line":115,"column":9}},"type":"if","locations":[{"start":{"line":109,"column":8},"end":{"line":115,"column":9}},{"start":{"line":113,"column":12},"end":{"line":115,"column":9}}],"line":109},"9":{"loc":{"start":{"line":145,"column":8},"end":{"line":165,"column":9}},"type":"if","locations":[{"start":{"line":145,"column":8},"end":{"line":165,"column":9}},{"start":{"line":160,"column":13},"end":{"line":165,"column":9}}],"line":145},"10":{"loc":{"start":{"line":180,"column":8},"end":{"line":183,"column":9}},"type":"if","locations":[{"start":{"line":180,"column":8},"end":{"line":183,"column":9}},{"start":{},"end":{}}],"line":180},"11":{"loc":{"start":{"line":204,"column":16},"end":{"line":204,"column":24}},"type":"default-arg","locations":[{"start":{"line":204,"column":23},"end":{"line":204,"column":24}}],"line":204},"12":{"loc":{"start":{"line":204,"column":26},"end":{"line":204,"column":36}},"type":"default-arg","locations":[{"start":{"line":204,"column":34},"end":{"line":204,"column":36}}],"line":204},"13":{"loc":{"start":{"line":204,"column":38},"end":{"line":204,"column":51}},"type":"default-arg","locations":[{"start":{"line":204,"column":45},"end":{"line":204,"column":51}}],"line":204},"14":{"loc":{"start":{"line":211,"column":35},"end":{"line":211,"column":58}},"type":"cond-expr","locations":[{"start":{"line":211,"column":52},"end":{"line":211,"column":53}},{"start":{"line":211,"column":56},"end":{"line":211,"column":58}}],"line":211}},"s":{"0":9,"1":2,"2":2,"3":2,"4":2,"5":2,"6":1,"7":1,"8":0,"9":0,"10":0,"11":1,"12":1,"13":1,"14":1,"15":1,"16":1,"17":0,"18":0,"19":1,"20":1,"21":1,"22":0,"23":0,"24":9,"25":2,"26":2,"27":2,"28":2,"29":1,"30":1,"31":1,"32":2,"33":1,"34":1,"35":1,"36":2,"37":3,"38":0,"39":0,"40":0,"41":2,"42":3,"43":1,"44":1,"45":1,"46":1,"47":1,"48":1,"49":0,"50":0,"51":1,"52":0,"53":0,"54":1,"55":1,"56":1,"57":1,"58":1,"59":0,"60":0,"61":9,"62":2,"63":2,"64":2,"65":2,"66":2,"67":2,"68":2,"69":1,"70":1,"71":1,"72":2,"73":2,"74":2,"75":1,"76":1,"77":1,"78":1,"79":0,"80":0,"81":9,"82":2,"83":2,"84":2,"85":1,"86":1,"87":1,"88":2,"89":2,"90":1,"91":1,"92":1,"93":0,"94":0,"95":9,"96":1,"97":1,"98":1,"99":1,"100":2,"101":3,"102":3,"103":2,"104":1,"105":1,"106":0,"107":0},"f":{"0":2,"1":2,"2":2,"3":2,"4":3,"5":3,"6":0,"7":2,"8":2,"9":2,"10":2,"11":1,"12":2,"13":3},"b":{"0":[2],"1":[1,1],"2":[0,1],"3":[0,1],"4":[1,1],"5":[0,2],"6":[0,0],"7":[0,0,0],"8":[0,1],"9":[1,1],"10":[1,1],"11":[1],"12":[1],"13":[1],"14":[0,1]},"_coverageSchema":"1a1c01bbd47fc00a2c39e90264f33305004495a9","hash":"54efb45e04f13f62e3d4e3bcee802d94ca46783c"}
,"D:\\COLLEGE\\Internships\\Cittaa\\Backend\\controllers\\products.js": {"path":"D:\\COLLEGE\\Internships\\Cittaa\\Backend\\controllers\\products.js","statementMap":{"0":{"start":{"line":6,"column":27},"end":{"line":40,"column":1}},"1":{"start":{"line":7,"column":4},"end":{"line":39,"column":5}},"2":{"start":{"line":8,"column":82},"end":{"line":8,"column":91}},"3":{"start":{"line":10,"column":20},"end":{"line":10,"column":22}},"4":{"start":{"line":11,"column":8},"end":{"line":13,"column":9}},"5":{"start":{"line":12,"column":12},"end":{"line":12,"column":68}},"6":{"start":{"line":14,"column":25},"end":{"line":29,"column":9}},"7":{"start":{"line":31,"column":8},"end":{"line":32,"column":62}},"8":{"start":{"line":31,"column":23},"end":{"line":31,"column":88}},"9":{"start":{"line":32,"column":13},"end":{"line":32,"column":62}},"10":{"start":{"line":34,"column":8},"end":{"line":34,"column":71}},"11":{"start":{"line":37,"column":8},"end":{"line":37,"column":75}},"12":{"start":{"line":38,"column":8},"end":{"line":38,"column":19}},"13":{"start":{"line":42,"column":26},"end":{"line":84,"column":1}},"14":{"start":{"line":43,"column":4},"end":{"line":83,"column":5}},"15":{"start":{"line":44,"column":21},"end":{"line":44,"column":25}},"16":{"start":{"line":45,"column":8},"end":{"line":47,"column":9}},"17":{"start":{"line":46,"column":12},"end":{"line":46,"column":38}},"18":{"start":{"line":48,"column":24},"end":{"line":54,"column":10}},"19":{"start":{"line":55,"column":8},"end":{"line":57,"column":9}},"20":{"start":{"line":56,"column":12},"end":{"line":56,"column":89}},"21":{"start":{"line":59,"column":25},"end":{"line":59,"column":29}},"22":{"start":{"line":60,"column":8},"end":{"line":65,"column":9}},"23":{"start":{"line":61,"column":34},"end":{"line":61,"column":90}},"24":{"start":{"line":61,"column":65},"end":{"line":61,"column":89}},"25":{"start":{"line":62,"column":12},"end":{"line":64,"column":13}},"26":{"start":{"line":63,"column":16},"end":{"line":63,"column":49}},"27":{"start":{"line":67,"column":34},"end":{"line":75,"column":9}},"28":{"start":{"line":77,"column":8},"end":{"line":77,"column":69}},"29":{"start":{"line":78,"column":8},"end":{"line":78,"column":74}},"30":{"start":{"line":81,"column":8},"end":{"line":81,"column":87}},"31":{"start":{"line":82,"column":8},"end":{"line":82,"column":20}},"32":{"start":{"line":86,"column":27},"end":{"line":135,"column":1}},"33":{"start":{"line":87,"column":4},"end":{"line":134,"column":5}},"34":{"start":{"line":88,"column":27},"end":{"line":88,"column":35}},"35":{"start":{"line":89,"column":23},"end":{"line":89,"column":39}},"36":{"start":{"line":90,"column":26},"end":{"line":90,"column":39}},"37":{"start":{"line":92,"column":23},"end":{"line":92,"column":87}},"38":{"start":{"line":93,"column":29},"end":{"line":93,"column":34}},"39":{"start":{"line":94,"column":8},"end":{"line":100,"column":11}},"40":{"start":{"line":95,"column":12},"end":{"line":99,"column":14}},"41":{"start":{"line":96,"column":16},"end":{"line":98,"column":17}},"42":{"start":{"line":97,"column":20},"end":{"line":97,"column":42}},"43":{"start":{"line":101,"column":8},"end":{"line":104,"column":9}},"44":{"start":{"line":102,"column":12},"end":{"line":102,"column":85}},"45":{"start":{"line":103,"column":12},"end":{"line":103,"column":93}},"46":{"start":{"line":106,"column":24},"end":{"line":106,"column":57}},"47":{"start":{"line":107,"column":36},"end":{"line":107,"column":99}},"48":{"start":{"line":107,"column":74},"end":{"line":107,"column":98}},"49":{"start":{"line":109,"column":27},"end":{"line":109,"column":66}},"50":{"start":{"line":111,"column":28},"end":{"line":111,"column":30}},"51":{"start":{"line":112,"column":8},"end":{"line":122,"column":9}},"52":{"start":{"line":113,"column":12},"end":{"line":113,"column":102}},"53":{"start":{"line":114,"column":12},"end":{"line":117,"column":14}},"54":{"start":{"line":119,"column":12},"end":{"line":119,"column":57}},"55":{"start":{"line":120,"column":12},"end":{"line":120,"column":87}},"56":{"start":{"line":121,"column":12},"end":{"line":121,"column":87}},"57":{"start":{"line":124,"column":8},"end":{"line":127,"column":10}},"58":{"start":{"line":128,"column":8},"end":{"line":128,"column":85}},"59":{"start":{"line":129,"column":8},"end":{"line":129,"column":86}},"60":{"start":{"line":132,"column":8},"end":{"line":132,"column":86}},"61":{"start":{"line":133,"column":8},"end":{"line":133,"column":20}}},"fnMap":{"0":{"name":"(anonymous_0)","decl":{"start":{"line":6,"column":27},"end":{"line":6,"column":28}},"loc":{"start":{"line":6,"column":53},"end":{"line":40,"column":1}},"line":6},"1":{"name":"(anonymous_1)","decl":{"start":{"line":42,"column":26},"end":{"line":42,"column":27}},"loc":{"start":{"line":42,"column":52},"end":{"line":84,"column":1}},"line":42},"2":{"name":"(anonymous_2)","decl":{"start":{"line":61,"column":55},"end":{"line":61,"column":56}},"loc":{"start":{"line":61,"column":65},"end":{"line":61,"column":89}},"line":61},"3":{"name":"(anonymous_3)","decl":{"start":{"line":86,"column":27},"end":{"line":86,"column":28}},"loc":{"start":{"line":86,"column":53},"end":{"line":135,"column":1}},"line":86},"4":{"name":"(anonymous_4)","decl":{"start":{"line":94,"column":23},"end":{"line":94,"column":24}},"loc":{"start":{"line":94,"column":32},"end":{"line":100,"column":9}},"line":94},"5":{"name":"(anonymous_5)","decl":{"start":{"line":95,"column":35},"end":{"line":95,"column":36}},"loc":{"start":{"line":95,"column":46},"end":{"line":99,"column":13}},"line":95},"6":{"name":"(anonymous_6)","decl":{"start":{"line":107,"column":62},"end":{"line":107,"column":63}},"loc":{"start":{"line":107,"column":74},"end":{"line":107,"column":98}},"line":107}},"branchMap":{"0":{"loc":{"start":{"line":8,"column":16},"end":{"line":8,"column":24}},"type":"default-arg","locations":[{"start":{"line":8,"column":23},"end":{"line":8,"column":24}}],"line":8},"1":{"loc":{"start":{"line":8,"column":26},"end":{"line":8,"column":36}},"type":"default-arg","locations":[{"start":{"line":8,"column":34},"end":{"line":8,"column":36}}],"line":8},"2":{"loc":{"start":{"line":8,"column":45},"end":{"line":8,"column":62}},"type":"default-arg","locations":[{"start":{"line":8,"column":58},"end":{"line":8,"column":62}}],"line":8},"3":{"loc":{"start":{"line":8,"column":64},"end":{"line":8,"column":77}},"type":"default-arg","locations":[{"start":{"line":8,"column":71},"end":{"line":8,"column":77}}],"line":8},"4":{"loc":{"start":{"line":11,"column":8},"end":{"line":13,"column":9}},"type":"if","locations":[{"start":{"line":11,"column":8},"end":{"line":13,"column":9}},{"start":{},"end":{}}],"line":11},"5":{"loc":{"start":{"line":19,"column":30},"end":{"line":19,"column":53}},"type":"cond-expr","locations":[{"start":{"line":19,"column":47},"end":{"line":19,"column":48}},{"start":{"line":19,"column":51},"end":{"line":19,"column":53}}],"line":19},"6":{"loc":{"start":{"line":31,"column":8},"end":{"line":32,"column":62}},"type":"if","locations":[{"start":{"line":31,"column":8},"end":{"line":32,"column":62}},{"start":{"line":32,"column":13},"end":{"line":32,"column":62}}],"line":31},"7":{"loc":{"start":{"line":45,"column":8},"end":{"line":47,"column":9}},"type":"if","locations":[{"start":{"line":45,"column":8},"end":{"line":47,"column":9}},{"start":{},"end":{}}],"line":45},"8":{"loc":{"start":{"line":55,"column":8},"end":{"line":57,"column":9}},"type":"if","locations":[{"start":{"line":55,"column":8},"end":{"line":57,"column":9}},{"start":{},"end":{}}],"line":55},"9":{"loc":{"start":{"line":60,"column":8},"end":{"line":65,"column":9}},"type":"if","locations":[{"start":{"line":60,"column":8},"end":{"line":65,"column":9}},{"start":{},"end":{}}],"line":60},"10":{"loc":{"start":{"line":62,"column":12},"end":{"line":64,"column":13}},"type":"if","locations":[{"start":{"line":62,"column":12},"end":{"line":64,"column":13}},{"start":{},"end":{}}],"line":62},"11":{"loc":{"start":{"line":96,"column":16},"end":{"line":98,"column":17}},"type":"if","locations":[{"start":{"line":96,"column":16},"end":{"line":98,"column":17}},{"start":{},"end":{}}],"line":96},"12":{"loc":{"start":{"line":101,"column":8},"end":{"line":104,"column":9}},"type":"if","locations":[{"start":{"line":101,"column":8},"end":{"line":104,"column":9}},{"start":{},"end":{}}],"line":101},"13":{"loc":{"start":{"line":112,"column":8},"end":{"line":122,"column":9}},"type":"if","locations":[{"start":{"line":112,"column":8},"end":{"line":122,"column":9}},{"start":{"line":118,"column":15},"end":{"line":122,"column":9}}],"line":112}},"s":{"0":9,"1":1,"2":1,"3":1,"4":1,"5":0,"6":1,"7":1,"8":0,"9":1,"10":1,"11":0,"12":0,"13":9,"14":2,"15":2,"16":2,"17":1,"18":2,"19":2,"20":0,"21":2,"22":2,"23":1,"24":1,"25":1,"26":1,"27":2,"28":2,"29":2,"30":0,"31":0,"32":9,"33":2,"34":2,"35":2,"36":2,"37":2,"38":2,"39":2,"40":1,"41":1,"42":1,"43":2,"44":1,"45":1,"46":1,"47":1,"48":1,"49":1,"50":1,"51":1,"52":0,"53":0,"54":1,"55":1,"56":1,"57":1,"58":1,"59":1,"60":0,"61":0},"f":{"0":1,"1":2,"2":1,"3":2,"4":1,"5":1,"6":1},"b":{"0":[1],"1":[1],"2":[1],"3":[0],"4":[0,1],"5":[1,0],"6":[0,1],"7":[1,1],"8":[0,2],"9":[1,1],"10":[1,0],"11":[1,0],"12":[1,1],"13":[0,1]},"_coverageSchema":"1a1c01bbd47fc00a2c39e90264f33305004495a9","hash":"0d95ee2646d624b0d6f5ff0d8f17ac34654d7c18"}
,"D:\\COLLEGE\\Internships\\Cittaa\\Backend\\controllers\\users.js": {"path":"D:\\COLLEGE\\Internships\\Cittaa\\Backend\\controllers\\users.js","statementMap":{"0":{"start":{"line":6,"column":23},"end":{"line":21,"column":1}},"1":{"start":{"line":7,"column":19},"end":{"line":7,"column":35}},"2":{"start":{"line":8,"column":4},"end":{"line":20,"column":5}},"3":{"start":{"line":9,"column":21},"end":{"line":9,"column":48}},"4":{"start":{"line":10,"column":8},"end":{"line":10,"column":67}},"5":{"start":{"line":12,"column":8},"end":{"line":15,"column":11}},"6":{"start":{"line":18,"column":8},"end":{"line":18,"column":77}},"7":{"start":{"line":19,"column":8},"end":{"line":19,"column":20}},"8":{"start":{"line":23,"column":26},"end":{"line":38,"column":1}},"9":{"start":{"line":24,"column":19},"end":{"line":24,"column":35}},"10":{"start":{"line":25,"column":4},"end":{"line":37,"column":5}},"11":{"start":{"line":26,"column":21},"end":{"line":26,"column":88}},"12":{"start":{"line":27,"column":8},"end":{"line":27,"column":32}},"13":{"start":{"line":28,"column":8},"end":{"line":28,"column":70}},"14":{"start":{"line":29,"column":8},"end":{"line":32,"column":11}},"15":{"start":{"line":35,"column":8},"end":{"line":35,"column":80}},"16":{"start":{"line":36,"column":8},"end":{"line":36,"column":20}},"17":{"start":{"line":40,"column":25},"end":{"line":70,"column":1}},"18":{"start":{"line":41,"column":30},"end":{"line":41,"column":39}},"19":{"start":{"line":42,"column":19},"end":{"line":42,"column":35}},"20":{"start":{"line":43,"column":4},"end":{"line":69,"column":5}},"21":{"start":{"line":44,"column":24},"end":{"line":44,"column":57}},"22":{"start":{"line":45,"column":8},"end":{"line":45,"column":81}},"23":{"start":{"line":45,"column":21},"end":{"line":45,"column":81}},"24":{"start":{"line":47,"column":21},"end":{"line":47,"column":48}},"25":{"start":{"line":48,"column":30},"end":{"line":48,"column":87}},"26":{"start":{"line":48,"column":58},"end":{"line":48,"column":86}},"27":{"start":{"line":49,"column":28},"end":{"line":49,"column":30}},"28":{"start":{"line":51,"column":8},"end":{"line":55,"column":9}},"29":{"start":{"line":52,"column":12},"end":{"line":52,"column":73}},"30":{"start":{"line":54,"column":12},"end":{"line":54,"column":69}},"31":{"start":{"line":57,"column":8},"end":{"line":60,"column":10}},"32":{"start":{"line":62,"column":28},"end":{"line":62,"column":55}},"33":{"start":{"line":63,"column":8},"end":{"line":63,"column":76}},"34":{"start":{"line":64,"column":8},"end":{"line":64,"column":70}},"35":{"start":{"line":67,"column":8},"end":{"line":67,"column":108}},"36":{"start":{"line":68,"column":8},"end":{"line":68,"column":20}},"37":{"start":{"line":72,"column":30},"end":{"line":104,"column":1}},"38":{"start":{"line":73,"column":47},"end":{"line":73,"column":56}},"39":{"start":{"line":74,"column":19},"end":{"line":74,"column":35}},"40":{"start":{"line":75,"column":4},"end":{"line":103,"column":5}},"41":{"start":{"line":76,"column":21},"end":{"line":76,"column":48}},"42":{"start":{"line":77,"column":30},"end":{"line":77,"column":87}},"43":{"start":{"line":77,"column":58},"end":{"line":77,"column":86}},"44":{"start":{"line":78,"column":28},"end":{"line":78,"column":30}},"45":{"start":{"line":80,"column":8},"end":{"line":98,"column":9}},"46":{"start":{"line":81,"column":12},"end":{"line":85,"column":13}},"47":{"start":{"line":82,"column":16},"end":{"line":82,"column":78}},"48":{"start":{"line":84,"column":16},"end":{"line":84,"column":60}},"49":{"start":{"line":87,"column":12},"end":{"line":90,"column":14}},"50":{"start":{"line":92,"column":32},"end":{"line":92,"column":59}},"51":{"start":{"line":93,"column":12},"end":{"line":93,"column":84}},"52":{"start":{"line":94,"column":12},"end":{"line":94,"column":74}},"53":{"start":{"line":96,"column":12},"end":{"line":96,"column":85}},"54":{"start":{"line":97,"column":12},"end":{"line":97,"column":80}},"55":{"start":{"line":101,"column":8},"end":{"line":101,"column":112}},"56":{"start":{"line":102,"column":8},"end":{"line":102,"column":20}}},"fnMap":{"0":{"name":"(anonymous_0)","decl":{"start":{"line":6,"column":23},"end":{"line":6,"column":24}},"loc":{"start":{"line":6,"column":49},"end":{"line":21,"column":1}},"line":6},"1":{"name":"(anonymous_1)","decl":{"start":{"line":23,"column":26},"end":{"line":23,"column":27}},"loc":{"start":{"line":23,"column":52},"end":{"line":38,"column":1}},"line":23},"2":{"name":"(anonymous_2)","decl":{"start":{"line":40,"column":25},"end":{"line":40,"column":26}},"loc":{"start":{"line":40,"column":51},"end":{"line":70,"column":1}},"line":40},"3":{"name":"(anonymous_3)","decl":{"start":{"line":48,"column":50},"end":{"line":48,"column":51}},"loc":{"start":{"line":48,"column":58},"end":{"line":48,"column":86}},"line":48},"4":{"name":"(anonymous_4)","decl":{"start":{"line":72,"column":30},"end":{"line":72,"column":31}},"loc":{"start":{"line":72,"column":56},"end":{"line":104,"column":1}},"line":72},"5":{"name":"(anonymous_5)","decl":{"start":{"line":77,"column":50},"end":{"line":77,"column":51}},"loc":{"start":{"line":77,"column":58},"end":{"line":77,"column":86}},"line":77}},"branchMap":{"0":{"loc":{"start":{"line":45,"column":8},"end":{"line":45,"column":81}},"type":"if","locations":[{"start":{"line":45,"column":8},"end":{"line":45,"column":81}},{"start":{},"end":{}}],"line":45},"1":{"loc":{"start":{"line":51,"column":8},"end":{"line":55,"column":9}},"type":"if","locations":[{"start":{"line":51,"column":8},"end":{"line":55,"column":9}},{"start":{"line":53,"column":15},"end":{"line":55,"column":9}}],"line":51},"2":{"loc":{"start":{"line":73,"column":27},"end":{"line":73,"column":42}},"type":"default-arg","locations":[{"start":{"line":73,"column":36},"end":{"line":73,"column":42}}],"line":73},"3":{"loc":{"start":{"line":80,"column":8},"end":{"line":98,"column":9}},"type":"if","locations":[{"start":{"line":80,"column":8},"end":{"line":98,"column":9}},{"start":{"line":95,"column":15},"end":{"line":98,"column":9}}],"line":80},"4":{"loc":{"start":{"line":81,"column":12},"end":{"line":85,"column":13}},"type":"if","locations":[{"start":{"line":81,"column":12},"end":{"line":85,"column":13}},{"start":{"line":83,"column":19},"end":{"line":85,"column":13}}],"line":81},"5":{"loc":{"start":{"line":81,"column":16},"end":{"line":81,"column":75}},"type":"binary-expr","locations":[{"start":{"line":81,"column":16},"end":{"line":81,"column":34}},{"start":{"line":81,"column":38},"end":{"line":81,"column":75}}],"line":81}},"s":{"0":9,"1":1,"2":1,"3":1,"4":1,"5":1,"6":0,"7":0,"8":9,"9":1,"10":1,"11":1,"12":1,"13":1,"14":1,"15":0,"16":0,"17":9,"18":2,"19":2,"20":2,"21":2,"22":2,"23":1,"24":1,"25":1,"26":0,"27":1,"28":1,"29":0,"30":1,"31":1,"32":1,"33":1,"34":1,"35":0,"36":0,"37":9,"38":3,"39":3,"40":3,"41":3,"42":3,"43":5,"44":3,"45":3,"46":2,"47":1,"48":1,"49":2,"50":2,"51":2,"52":2,"53":1,"54":1,"55":0,"56":0},"f":{"0":1,"1":1,"2":2,"3":0,"4":3,"5":5},"b":{"0":[1,1],"1":[0,1],"2":[1],"3":[2,1],"4":[1,1],"5":[2,1]},"_coverageSchema":"1a1c01bbd47fc00a2c39e90264f33305004495a9","hash":"e586a5d51888581f6317094b5876825d5af780a7"}
,"D:\\COLLEGE\\Internships\\Cittaa\\Backend\\controllers\\admin\\admin.auth.js": {"path":"D:\\COLLEGE\\Internships\\Cittaa\\Backend\\controllers\\admin\\admin.auth.js","statementMap":{"0":{"start":{"line":10,"column":27},"end":{"line":22,"column":1}},"1":{"start":{"line":11,"column":4},"end":{"line":21,"column":5}},"2":{"start":{"line":25,"column":24},"end":{"line":62,"column":1}},"3":{"start":{"line":26,"column":4},"end":{"line":61,"column":5}},"4":{"start":{"line":27,"column":48},"end":{"line":27,"column":56}},"5":{"start":{"line":29,"column":23},"end":{"line":29,"column":44}},"6":{"start":{"line":30,"column":8},"end":{"line":33,"column":9}},"7":{"start":{"line":31,"column":12},"end":{"line":31,"column":81}},"8":{"start":{"line":32,"column":12},"end":{"line":32,"column":72}},"9":{"start":{"line":35,"column":22},"end":{"line":35,"column":52}},"10":{"start":{"line":36,"column":8},"end":{"line":39,"column":9}},"11":{"start":{"line":37,"column":12},"end":{"line":37,"column":73}},"12":{"start":{"line":38,"column":12},"end":{"line":38,"column":76}},"13":{"start":{"line":40,"column":8},"end":{"line":43,"column":9}},"14":{"start":{"line":41,"column":12},"end":{"line":41,"column":91}},"15":{"start":{"line":42,"column":12},"end":{"line":42,"column":65}},"16":{"start":{"line":45,"column":21},"end":{"line":45,"column":43}},"17":{"start":{"line":46,"column":31},"end":{"line":46,"column":64}},"18":{"start":{"line":48,"column":25},"end":{"line":53,"column":10}},"19":{"start":{"line":54,"column":8},"end":{"line":54,"column":30}},"20":{"start":{"line":55,"column":8},"end":{"line":55,"column":67}},"21":{"start":{"line":56,"column":8},"end":{"line":56,"column":85}},"22":{"start":{"line":59,"column":8},"end":{"line":59,"column":75}},"23":{"start":{"line":60,"column":8},"end":{"line":60,"column":18}},"24":{"start":{"line":65,"column":27},"end":{"line":93,"column":1}},"25":{"start":{"line":66,"column":4},"end":{"line":92,"column":5}},"26":{"start":{"line":67,"column":23},"end":{"line":67,"column":32}},"27":{"start":{"line":68,"column":25},"end":{"line":68,"column":34}},"28":{"start":{"line":69,"column":22},"end":{"line":69,"column":54}},"29":{"start":{"line":70,"column":8},"end":{"line":73,"column":9}},"30":{"start":{"line":71,"column":12},"end":{"line":71,"column":65}},"31":{"start":{"line":72,"column":12},"end":{"line":72,"column":67}},"32":{"start":{"line":74,"column":8},"end":{"line":77,"column":9}},"33":{"start":{"line":75,"column":12},"end":{"line":75,"column":91}},"34":{"start":{"line":76,"column":12},"end":{"line":76,"column":65}},"35":{"start":{"line":78,"column":8},"end":{"line":81,"column":9}},"36":{"start":{"line":79,"column":12},"end":{"line":79,"column":63}},"37":{"start":{"line":80,"column":12},"end":{"line":80,"column":67}},"38":{"start":{"line":82,"column":8},"end":{"line":84,"column":9}},"39":{"start":{"line":83,"column":12},"end":{"line":83,"column":55}},"40":{"start":{"line":85,"column":8},"end":{"line":85,"column":43}},"41":{"start":{"line":86,"column":8},"end":{"line":86,"column":67}},"42":{"start":{"line":87,"column":8},"end":{"line":87,"column":85}},"43":{"start":{"line":90,"column":8},"end":{"line":90,"column":75}},"44":{"start":{"line":91,"column":8},"end":{"line":91,"column":18}},"45":{"start":{"line":96,"column":21},"end":{"line":138,"column":1}},"46":{"start":{"line":97,"column":4},"end":{"line":137,"column":5}},"47":{"start":{"line":98,"column":34},"end":{"line":98,"column":42}},"48":{"start":{"line":100,"column":21},"end":{"line":100,"column":42}},"49":{"start":{"line":101,"column":8},"end":{"line":104,"column":9}},"50":{"start":{"line":102,"column":12},"end":{"line":102,"column":81}},"51":{"start":{"line":103,"column":12},"end":{"line":103,"column":72}},"52":{"start":{"line":106,"column":22},"end":{"line":106,"column":92}},"53":{"start":{"line":107,"column":8},"end":{"line":110,"column":9}},"54":{"start":{"line":108,"column":12},"end":{"line":108,"column":67}},"55":{"start":{"line":109,"column":12},"end":{"line":109,"column":71}},"56":{"start":{"line":112,"column":24},"end":{"line":112,"column":70}},"57":{"start":{"line":113,"column":8},"end":{"line":116,"column":9}},"58":{"start":{"line":114,"column":12},"end":{"line":114,"column":72}},"59":{"start":{"line":115,"column":12},"end":{"line":115,"column":75}},"60":{"start":{"line":118,"column":22},"end":{"line":118,"column":55}},"61":{"start":{"line":120,"column":8},"end":{"line":120,"column":28}},"62":{"start":{"line":121,"column":8},"end":{"line":121,"column":35}},"63":{"start":{"line":123,"column":22},"end":{"line":129,"column":9}},"64":{"start":{"line":131,"column":8},"end":{"line":131,"column":66}},"65":{"start":{"line":132,"column":8},"end":{"line":132,"column":90}},"66":{"start":{"line":135,"column":8},"end":{"line":135,"column":74}},"67":{"start":{"line":136,"column":8},"end":{"line":136,"column":18}},"68":{"start":{"line":141,"column":22},"end":{"line":150,"column":1}},"69":{"start":{"line":142,"column":4},"end":{"line":149,"column":5}},"70":{"start":{"line":143,"column":8},"end":{"line":143,"column":79}},"71":{"start":{"line":144,"column":8},"end":{"line":144,"column":67}},"72":{"start":{"line":147,"column":8},"end":{"line":147,"column":74}},"73":{"start":{"line":148,"column":8},"end":{"line":148,"column":18}}},"fnMap":{"0":{"name":"(anonymous_0)","decl":{"start":{"line":10,"column":27},"end":{"line":10,"column":28}},"loc":{"start":{"line":10,"column":41},"end":{"line":22,"column":1}},"line":10},"1":{"name":"(anonymous_1)","decl":{"start":{"line":25,"column":24},"end":{"line":25,"column":25}},"loc":{"start":{"line":25,"column":50},"end":{"line":62,"column":1}},"line":25},"2":{"name":"(anonymous_2)","decl":{"start":{"line":65,"column":27},"end":{"line":65,"column":28}},"loc":{"start":{"line":65,"column":53},"end":{"line":93,"column":1}},"line":65},"3":{"name":"(anonymous_3)","decl":{"start":{"line":96,"column":21},"end":{"line":96,"column":22}},"loc":{"start":{"line":96,"column":47},"end":{"line":138,"column":1}},"line":96},"4":{"name":"(anonymous_4)","decl":{"start":{"line":141,"column":22},"end":{"line":141,"column":23}},"loc":{"start":{"line":141,"column":48},"end":{"line":150,"column":1}},"line":141}},"branchMap":{"0":{"loc":{"start":{"line":30,"column":8},"end":{"line":33,"column":9}},"type":"if","locations":[{"start":{"line":30,"column":8},"end":{"line":33,"column":9}},{"start":{},"end":{}}],"line":30},"1":{"loc":{"start":{"line":36,"column":8},"end":{"line":39,"column":9}},"type":"if","locations":[{"start":{"line":36,"column":8},"end":{"line":39,"column":9}},{"start":{},"end":{}}],"line":36},"2":{"loc":{"start":{"line":40,"column":8},"end":{"line":43,"column":9}},"type":"if","locations":[{"start":{"line":40,"column":8},"end":{"line":43,"column":9}},{"start":{},"end":{}}],"line":40},"3":{"loc":{"start":{"line":40,"column":12},"end":{"line":40,"column":64}},"type":"binary-expr","locations":[{"start":{"line":40,"column":12},"end":{"line":40,"column":28}},{"start":{"line":40,"column":32},"end":{"line":40,"column":64}}],"line":40},"4":{"loc":{"start":{"line":70,"column":8},"end":{"line":73,"column":9}},"type":"if","locations":[{"start":{"line":70,"column":8},"end":{"line":73,"column":9}},{"start":{},"end":{}}],"line":70},"5":{"loc":{"start":{"line":74,"column":8},"end":{"line":77,"column":9}},"type":"if","locations":[{"start":{"line":74,"column":8},"end":{"line":77,"column":9}},{"start":{},"end":{}}],"line":74},"6":{"loc":{"start":{"line":74,"column":12},"end":{"line":74,"column":60}},"type":"binary-expr","locations":[{"start":{"line":74,"column":12},"end":{"line":74,"column":34}},{"start":{"line":74,"column":38},"end":{"line":74,"column":60}}],"line":74},"7":{"loc":{"start":{"line":78,"column":8},"end":{"line":81,"column":9}},"type":"if","locations":[{"start":{"line":78,"column":8},"end":{"line":81,"column":9}},{"start":{},"end":{}}],"line":78},"8":{"loc":{"start":{"line":82,"column":8},"end":{"line":84,"column":9}},"type":"if","locations":[{"start":{"line":82,"column":8},"end":{"line":84,"column":9}},{"start":{},"end":{}}],"line":82},"9":{"loc":{"start":{"line":101,"column":8},"end":{"line":104,"column":9}},"type":"if","locations":[{"start":{"line":101,"column":8},"end":{"line":104,"column":9}},{"start":{},"end":{}}],"line":101},"10":{"loc":{"start":{"line":107,"column":8},"end":{"line":110,"column":9}},"type":"if","locations":[{"start":{"line":107,"column":8},"end":{"line":110,"column":9}},{"start":{},"end":{}}],"line":107},"11":{"loc":{"start":{"line":113,"column":8},"end":{"line":116,"column":9}},"type":"if","locations":[{"start":{"line":113,"column":8},"end":{"line":116,"column":9}},{"start":{},"end":{}}],"line":113}},"s":{"0":9,"1":37,"2":9,"3":6,"4":6,"5":6,"6":6,"7":0,"8":0,"9":6,"10":6,"11":0,"12":0,"13":6,"14":1,"15":1,"16":5,"17":5,"18":5,"19":5,"20":5,"21":5,"22":0,"23":0,"24":9,"25":6,"26":6,"27":6,"28":6,"29":6,"30":0,"31":0,"32":6,"33":1,"34":1,"35":5,"36":0,"37":0,"38":5,"39":3,"40":5,"41":5,"42":5,"43":0,"44":0,"45":9,"46":38,"47":38,"48":38,"49":38,"50":0,"51":0,"52":38,"53":38,"54":0,"55":0,"56":38,"57":38,"58":1,"59":1,"60":37,"61":37,"62":37,"63":37,"64":37,"65":37,"66":0,"67":0,"68":9,"69":0,"70":0,"71":0,"72":0,"73":0},"f":{"0":37,"1":6,"2":6,"3":38,"4":0},"b":{"0":[0,6],"1":[0,6],"2":[1,5],"3":[6,2],"4":[0,6],"5":[1,5],"6":[6,2],"7":[0,5],"8":[3,2],"9":[0,38],"10":[0,38],"11":[1,37]},"_coverageSchema":"1a1c01bbd47fc00a2c39e90264f33305004495a9","hash":"99076f4119c2b4148d7e36edf53291079cb41f2c"}
,"D:\\COLLEGE\\Internships\\Cittaa\\Backend\\controllers\\admin\\admin.js": {"path":"D:\\COLLEGE\\Internships\\Cittaa\\Backend\\controllers\\admin\\admin.js","statementMap":{"0":{"start":{"line":4,"column":25},"end":{"line":25,"column":1}},"1":{"start":{"line":5,"column":4},"end":{"line":24,"column":5}},"2":{"start":{"line":6,"column":25},"end":{"line":6,"column":34}},"3":{"start":{"line":7,"column":22},"end":{"line":9,"column":9}},"4":{"start":{"line":10,"column":8},"end":{"line":15,"column":9}},"5":{"start":{"line":11,"column":12},"end":{"line":11,"column":54}},"6":{"start":{"line":14,"column":12},"end":{"line":14,"column":63}},"7":{"start":{"line":16,"column":23},"end":{"line":16,"column":99}},"8":{"start":{"line":18,"column":8},"end":{"line":18,"column":60}},"9":{"start":{"line":19,"column":8},"end":{"line":19,"column":54}},"10":{"start":{"line":22,"column":8},"end":{"line":22,"column":77}},"11":{"start":{"line":23,"column":8},"end":{"line":23,"column":18}},"12":{"start":{"line":27,"column":26},"end":{"line":39,"column":1}},"13":{"start":{"line":28,"column":4},"end":{"line":38,"column":5}},"14":{"start":{"line":29,"column":33},"end":{"line":29,"column":42}},"15":{"start":{"line":30,"column":22},"end":{"line":30,"column":107}},"16":{"start":{"line":32,"column":8},"end":{"line":32,"column":63}},"17":{"start":{"line":33,"column":8},"end":{"line":33,"column":53}},"18":{"start":{"line":36,"column":8},"end":{"line":36,"column":80}},"19":{"start":{"line":37,"column":8},"end":{"line":37,"column":18}}},"fnMap":{"0":{"name":"(anonymous_0)","decl":{"start":{"line":4,"column":25},"end":{"line":4,"column":26}},"loc":{"start":{"line":4,"column":51},"end":{"line":25,"column":1}},"line":4},"1":{"name":"(anonymous_1)","decl":{"start":{"line":27,"column":26},"end":{"line":27,"column":27}},"loc":{"start":{"line":27,"column":52},"end":{"line":39,"column":1}},"line":27}},"branchMap":{"0":{"loc":{"start":{"line":10,"column":8},"end":{"line":15,"column":9}},"type":"if","locations":[{"start":{"line":10,"column":8},"end":{"line":15,"column":9}},{"start":{"line":13,"column":13},"end":{"line":15,"column":9}}],"line":10}},"s":{"0":9,"1":2,"2":2,"3":2,"4":2,"5":1,"6":1,"7":2,"8":2,"9":2,"10":0,"11":0,"12":9,"13":4,"14":4,"15":4,"16":4,"17":4,"18":0,"19":0},"f":{"0":2,"1":4},"b":{"0":[1,1]},"_coverageSchema":"1a1c01bbd47fc00a2c39e90264f33305004495a9","hash":"d925399d41db5f90bf340aa5c631890b2f9fa8f7"}
,"D:\\COLLEGE\\Internships\\Cittaa\\Backend\\controllers\\admin\\admin.orders.js": {"path":"D:\\COLLEGE\\Internships\\Cittaa\\Backend\\controllers\\admin\\admin.orders.js","statementMap":{"0":{"start":{"line":6,"column":25},"end":{"line":39,"column":1}},"1":{"start":{"line":7,"column":4},"end":{"line":38,"column":5}},"2":{"start":{"line":8,"column":22},"end":{"line":8,"column":24}},"3":{"start":{"line":9,"column":8},"end":{"line":12,"column":9}},"4":{"start":{"line":10,"column":12},"end":{"line":10,"column":45}},"5":{"start":{"line":11,"column":12},"end":{"line":11,"column":46}},"6":{"start":{"line":13,"column":23},"end":{"line":13,"column":58}},"7":{"start":{"line":14,"column":8},"end":{"line":17,"column":9}},"8":{"start":{"line":15,"column":12},"end":{"line":15,"column":78}},"9":{"start":{"line":16,"column":12},"end":{"line":16,"column":71}},"10":{"start":{"line":19,"column":35},"end":{"line":27,"column":11}},"11":{"start":{"line":20,"column":29},"end":{"line":25,"column":15}},"12":{"start":{"line":21,"column":32},"end":{"line":23,"column":121}},"13":{"start":{"line":24,"column":16},"end":{"line":24,"column":70}},"14":{"start":{"line":26,"column":12},"end":{"line":26,"column":53}},"15":{"start":{"line":29,"column":8},"end":{"line":29,"column":43}},"16":{"start":{"line":30,"column":8},"end":{"line":33,"column":11}},"17":{"start":{"line":36,"column":8},"end":{"line":36,"column":75}},"18":{"start":{"line":37,"column":8},"end":{"line":37,"column":20}},"19":{"start":{"line":41,"column":24},"end":{"line":72,"column":1}},"20":{"start":{"line":42,"column":4},"end":{"line":71,"column":5}},"21":{"start":{"line":43,"column":22},"end":{"line":43,"column":24}},"22":{"start":{"line":44,"column":8},"end":{"line":47,"column":9}},"23":{"start":{"line":45,"column":12},"end":{"line":45,"column":45}},"24":{"start":{"line":46,"column":12},"end":{"line":46,"column":46}},"25":{"start":{"line":48,"column":22},"end":{"line":48,"column":87}},"26":{"start":{"line":49,"column":8},"end":{"line":52,"column":9}},"27":{"start":{"line":50,"column":12},"end":{"line":50,"column":94}},"28":{"start":{"line":51,"column":12},"end":{"line":51,"column":71}},"29":{"start":{"line":54,"column":25},"end":{"line":59,"column":11}},"30":{"start":{"line":55,"column":28},"end":{"line":57,"column":117}},"31":{"start":{"line":58,"column":12},"end":{"line":58,"column":66}},"32":{"start":{"line":60,"column":8},"end":{"line":60,"column":34}},"33":{"start":{"line":62,"column":8},"end":{"line":62,"column":59}},"34":{"start":{"line":63,"column":8},"end":{"line":66,"column":11}},"35":{"start":{"line":69,"column":8},"end":{"line":69,"column":74}},"36":{"start":{"line":70,"column":8},"end":{"line":70,"column":20}},"37":{"start":{"line":74,"column":27},"end":{"line":103,"column":1}},"38":{"start":{"line":75,"column":4},"end":{"line":102,"column":5}},"39":{"start":{"line":76,"column":22},"end":{"line":76,"column":61}},"40":{"start":{"line":77,"column":8},"end":{"line":80,"column":9}},"41":{"start":{"line":78,"column":12},"end":{"line":78,"column":98}},"42":{"start":{"line":79,"column":12},"end":{"line":79,"column":71}},"43":{"start":{"line":81,"column":8},"end":{"line":84,"column":9}},"44":{"start":{"line":82,"column":12},"end":{"line":82,"column":108}},"45":{"start":{"line":83,"column":12},"end":{"line":83,"column":81}},"46":{"start":{"line":86,"column":8},"end":{"line":89,"column":9}},"47":{"start":{"line":87,"column":12},"end":{"line":87,"column":95}},"48":{"start":{"line":88,"column":12},"end":{"line":88,"column":70}},"49":{"start":{"line":90,"column":8},"end":{"line":90,"column":47}},"50":{"start":{"line":91,"column":8},"end":{"line":91,"column":27}},"51":{"start":{"line":93,"column":8},"end":{"line":93,"column":63}},"52":{"start":{"line":94,"column":8},"end":{"line":97,"column":11}},"53":{"start":{"line":100,"column":8},"end":{"line":100,"column":74}},"54":{"start":{"line":101,"column":8},"end":{"line":101,"column":20}},"55":{"start":{"line":105,"column":27},"end":{"line":121,"column":1}},"56":{"start":{"line":106,"column":4},"end":{"line":120,"column":5}},"57":{"start":{"line":107,"column":22},"end":{"line":107,"column":56}},"58":{"start":{"line":108,"column":8},"end":{"line":111,"column":9}},"59":{"start":{"line":109,"column":12},"end":{"line":109,"column":98}},"60":{"start":{"line":110,"column":12},"end":{"line":110,"column":71}},"61":{"start":{"line":112,"column":8},"end":{"line":112,"column":52}},"62":{"start":{"line":114,"column":8},"end":{"line":114,"column":63}},"63":{"start":{"line":115,"column":8},"end":{"line":115,"column":48}},"64":{"start":{"line":118,"column":8},"end":{"line":118,"column":74}},"65":{"start":{"line":119,"column":8},"end":{"line":119,"column":20}}},"fnMap":{"0":{"name":"(anonymous_0)","decl":{"start":{"line":6,"column":25},"end":{"line":6,"column":26}},"loc":{"start":{"line":6,"column":51},"end":{"line":39,"column":1}},"line":6},"1":{"name":"(anonymous_1)","decl":{"start":{"line":19,"column":64},"end":{"line":19,"column":65}},"loc":{"start":{"line":19,"column":81},"end":{"line":27,"column":9}},"line":19},"2":{"name":"(anonymous_2)","decl":{"start":{"line":20,"column":66},"end":{"line":20,"column":67}},"loc":{"start":{"line":20,"column":92},"end":{"line":25,"column":13}},"line":20},"3":{"name":"(anonymous_3)","decl":{"start":{"line":41,"column":24},"end":{"line":41,"column":25}},"loc":{"start":{"line":41,"column":50},"end":{"line":72,"column":1}},"line":41},"4":{"name":"(anonymous_4)","decl":{"start":{"line":54,"column":62},"end":{"line":54,"column":63}},"loc":{"start":{"line":54,"column":88},"end":{"line":59,"column":9}},"line":54},"5":{"name":"(anonymous_5)","decl":{"start":{"line":74,"column":27},"end":{"line":74,"column":28}},"loc":{"start":{"line":74,"column":53},"end":{"line":103,"column":1}},"line":74},"6":{"name":"(anonymous_6)","decl":{"start":{"line":105,"column":27},"end":{"line":105,"column":28}},"loc":{"start":{"line":105,"column":53},"end":{"line":121,"column":1}},"line":105}},"branchMap":{"0":{"loc":{"start":{"line":9,"column":8},"end":{"line":12,"column":9}},"type":"if","locations":[{"start":{"line":9,"column":8},"end":{"line":12,"column":9}},{"start":{},"end":{}}],"line":9},"1":{"loc":{"start":{"line":14,"column":8},"end":{"line":17,"column":9}},"type":"if","locations":[{"start":{"line":14,"column":8},"end":{"line":17,"column":9}},{"start":{},"end":{}}],"line":14},"2":{"loc":{"start":{"line":44,"column":8},"end":{"line":47,"column":9}},"type":"if","locations":[{"start":{"line":44,"column":8},"end":{"line":47,"column":9}},{"start":{},"end":{}}],"line":44},"3":{"loc":{"start":{"line":49,"column":8},"end":{"line":52,"column":9}},"type":"if","locations":[{"start":{"line":49,"column":8},"end":{"line":52,"column":9}},{"start":{},"end":{}}],"line":49},"4":{"loc":{"start":{"line":77,"column":8},"end":{"line":80,"column":9}},"type":"if","locations":[{"start":{"line":77,"column":8},"end":{"line":80,"column":9}},{"start":{},"end":{}}],"line":77},"5":{"loc":{"start":{"line":81,"column":8},"end":{"line":84,"column":9}},"type":"if","locations":[{"start":{"line":81,"column":8},"end":{"line":84,"column":9}},{"start":{},"end":{}}],"line":81},"6":{"loc":{"start":{"line":86,"column":8},"end":{"line":89,"column":9}},"type":"if","locations":[{"start":{"line":86,"column":8},"end":{"line":89,"column":9}},{"start":{},"end":{}}],"line":86},"7":{"loc":{"start":{"line":108,"column":8},"end":{"line":111,"column":9}},"type":"if","locations":[{"start":{"line":108,"column":8},"end":{"line":111,"column":9}},{"start":{},"end":{}}],"line":108}},"s":{"0":9,"1":3,"2":3,"3":3,"4":1,"5":1,"6":3,"7":3,"8":0,"9":0,"10":3,"11":5,"12":8,"13":8,"14":5,"15":3,"16":3,"17":0,"18":0,"19":9,"20":4,"21":4,"22":4,"23":2,"24":2,"25":4,"26":4,"27":1,"28":1,"29":3,"30":6,"31":6,"32":3,"33":3,"34":3,"35":0,"36":0,"37":9,"38":4,"39":4,"40":4,"41":0,"42":0,"43":4,"44":1,"45":1,"46":3,"47":0,"48":0,"49":3,"50":3,"51":3,"52":3,"53":0,"54":0,"55":9,"56":2,"57":2,"58":2,"59":0,"60":0,"61":2,"62":2,"63":2,"64":0,"65":0},"f":{"0":3,"1":5,"2":8,"3":4,"4":6,"5":4,"6":2},"b":{"0":[1,2],"1":[0,3],"2":[2,2],"3":[1,3],"4":[0,4],"5":[1,3],"6":[0,3],"7":[0,2]},"_coverageSchema":"1a1c01bbd47fc00a2c39e90264f33305004495a9","hash":"c6c4c6562235f5ac915c31fa2a177102822e4af5"}
,"D:\\COLLEGE\\Internships\\Cittaa\\Backend\\controllers\\admin\\admin.products.js": {"path":"D:\\COLLEGE\\Internships\\Cittaa\\Backend\\controllers\\admin\\admin.products.js","statementMap":{"0":{"start":{"line":5,"column":29},"end":{"line":27,"column":1}},"1":{"start":{"line":6,"column":4},"end":{"line":26,"column":5}},"2":{"start":{"line":7,"column":64},"end":{"line":7,"column":72}},"3":{"start":{"line":8,"column":33},"end":{"line":8,"column":42}},"4":{"start":{"line":10,"column":24},"end":{"line":17,"column":10}},"5":{"start":{"line":18,"column":29},"end":{"line":18,"column":49}},"6":{"start":{"line":20,"column":8},"end":{"line":20,"column":77}},"7":{"start":{"line":21,"column":8},"end":{"line":21,"column":87}},"8":{"start":{"line":24,"column":8},"end":{"line":24,"column":76}},"9":{"start":{"line":25,"column":8},"end":{"line":25,"column":20}},"10":{"start":{"line":29,"column":29},"end":{"line":55,"column":1}},"11":{"start":{"line":30,"column":4},"end":{"line":54,"column":5}},"12":{"start":{"line":31,"column":34},"end":{"line":31,"column":43}},"13":{"start":{"line":32,"column":29},"end":{"line":32,"column":38}},"14":{"start":{"line":34,"column":8},"end":{"line":37,"column":9}},"15":{"start":{"line":35,"column":12},"end":{"line":35,"column":85}},"16":{"start":{"line":36,"column":12},"end":{"line":36,"column":67}},"17":{"start":{"line":39,"column":22},"end":{"line":39,"column":40}},"18":{"start":{"line":40,"column":8},"end":{"line":40,"column":67}},"19":{"start":{"line":40,"column":41},"end":{"line":40,"column":67}},"20":{"start":{"line":41,"column":24},"end":{"line":41,"column":54}},"21":{"start":{"line":43,"column":8},"end":{"line":46,"column":9}},"22":{"start":{"line":44,"column":12},"end":{"line":44,"column":94}},"23":{"start":{"line":45,"column":12},"end":{"line":45,"column":73}},"24":{"start":{"line":48,"column":8},"end":{"line":48,"column":92}},"25":{"start":{"line":49,"column":8},"end":{"line":49,"column":87}},"26":{"start":{"line":52,"column":8},"end":{"line":52,"column":76}},"27":{"start":{"line":53,"column":8},"end":{"line":53,"column":20}},"28":{"start":{"line":57,"column":29},"end":{"line":88,"column":1}},"29":{"start":{"line":58,"column":4},"end":{"line":87,"column":5}},"30":{"start":{"line":59,"column":68},"end":{"line":59,"column":76}},"31":{"start":{"line":60,"column":8},"end":{"line":63,"column":9}},"32":{"start":{"line":61,"column":12},"end":{"line":61,"column":85}},"33":{"start":{"line":62,"column":12},"end":{"line":62,"column":67}},"34":{"start":{"line":64,"column":39},"end":{"line":64,"column":48}},"35":{"start":{"line":65,"column":22},"end":{"line":65,"column":33}},"36":{"start":{"line":66,"column":8},"end":{"line":66,"column":67}},"37":{"start":{"line":66,"column":41},"end":{"line":66,"column":67}},"38":{"start":{"line":67,"column":24},"end":{"line":67,"column":52}},"39":{"start":{"line":68,"column":8},"end":{"line":71,"column":9}},"40":{"start":{"line":69,"column":12},"end":{"line":69,"column":87}},"41":{"start":{"line":70,"column":12},"end":{"line":70,"column":73}},"42":{"start":{"line":73,"column":28},"end":{"line":73,"column":30}},"43":{"start":{"line":74,"column":8},"end":{"line":74,"column":42}},"44":{"start":{"line":74,"column":18},"end":{"line":74,"column":42}},"45":{"start":{"line":75,"column":8},"end":{"line":75,"column":63}},"46":{"start":{"line":75,"column":25},"end":{"line":75,"column":63}},"47":{"start":{"line":76,"column":8},"end":{"line":76,"column":42}},"48":{"start":{"line":76,"column":18},"end":{"line":76,"column":42}},"49":{"start":{"line":77,"column":8},"end":{"line":77,"column":54}},"50":{"start":{"line":77,"column":22},"end":{"line":77,"column":54}},"51":{"start":{"line":78,"column":8},"end":{"line":78,"column":54}},"52":{"start":{"line":78,"column":22},"end":{"line":78,"column":54}},"53":{"start":{"line":79,"column":8},"end":{"line":79,"column":52}},"54":{"start":{"line":81,"column":8},"end":{"line":81,"column":85}},"55":{"start":{"line":82,"column":8},"end":{"line":82,"column":87}},"56":{"start":{"line":85,"column":8},"end":{"line":85,"column":76}},"57":{"start":{"line":86,"column":8},"end":{"line":86,"column":20}},"58":{"start":{"line":90,"column":27},"end":{"line":111,"column":1}},"59":{"start":{"line":91,"column":4},"end":{"line":110,"column":5}},"60":{"start":{"line":92,"column":33},"end":{"line":92,"column":42}},"61":{"start":{"line":93,"column":22},"end":{"line":93,"column":24}},"62":{"start":{"line":94,"column":28},"end":{"line":94,"column":30}},"63":{"start":{"line":95,"column":8},"end":{"line":95,"column":61}},"64":{"start":{"line":95,"column":41},"end":{"line":95,"column":61}},"65":{"start":{"line":96,"column":8},"end":{"line":101,"column":9}},"66":{"start":{"line":97,"column":12},"end":{"line":97,"column":35}},"67":{"start":{"line":98,"column":12},"end":{"line":98,"column":37}},"68":{"start":{"line":99,"column":12},"end":{"line":99,"column":38}},"69":{"start":{"line":100,"column":12},"end":{"line":100,"column":38}},"70":{"start":{"line":102,"column":25},"end":{"line":102,"column":90}},"71":{"start":{"line":104,"column":8},"end":{"line":104,"column":74}},"72":{"start":{"line":105,"column":8},"end":{"line":105,"column":56}},"73":{"start":{"line":108,"column":8},"end":{"line":108,"column":77}},"74":{"start":{"line":109,"column":8},"end":{"line":109,"column":20}},"75":{"start":{"line":113,"column":26},"end":{"line":141,"column":1}},"76":{"start":{"line":114,"column":4},"end":{"line":140,"column":5}},"77":{"start":{"line":115,"column":23},"end":{"line":115,"column":33}},"78":{"start":{"line":116,"column":39},"end":{"line":116,"column":48}},"79":{"start":{"line":118,"column":22},"end":{"line":118,"column":33}},"80":{"start":{"line":119,"column":28},"end":{"line":119,"column":30}},"81":{"start":{"line":120,"column":8},"end":{"line":120,"column":67}},"82":{"start":{"line":120,"column":41},"end":{"line":120,"column":67}},"83":{"start":{"line":121,"column":8},"end":{"line":126,"column":9}},"84":{"start":{"line":122,"column":12},"end":{"line":122,"column":35}},"85":{"start":{"line":123,"column":12},"end":{"line":123,"column":37}},"86":{"start":{"line":124,"column":12},"end":{"line":124,"column":38}},"87":{"start":{"line":125,"column":12},"end":{"line":125,"column":38}},"88":{"start":{"line":128,"column":24},"end":{"line":128,"column":92}},"89":{"start":{"line":129,"column":8},"end":{"line":132,"column":9}},"90":{"start":{"line":130,"column":12},"end":{"line":130,"column":87}},"91":{"start":{"line":131,"column":12},"end":{"line":131,"column":73}},"92":{"start":{"line":134,"column":8},"end":{"line":134,"column":85}},"93":{"start":{"line":135,"column":8},"end":{"line":135,"column":55}},"94":{"start":{"line":138,"column":8},"end":{"line":138,"column":76}},"95":{"start":{"line":139,"column":8},"end":{"line":139,"column":20}}},"fnMap":{"0":{"name":"(anonymous_0)","decl":{"start":{"line":5,"column":29},"end":{"line":5,"column":30}},"loc":{"start":{"line":5,"column":55},"end":{"line":27,"column":1}},"line":5},"1":{"name":"(anonymous_1)","decl":{"start":{"line":29,"column":29},"end":{"line":29,"column":30}},"loc":{"start":{"line":29,"column":55},"end":{"line":55,"column":1}},"line":29},"2":{"name":"(anonymous_2)","decl":{"start":{"line":57,"column":29},"end":{"line":57,"column":30}},"loc":{"start":{"line":57,"column":55},"end":{"line":88,"column":1}},"line":57},"3":{"name":"(anonymous_3)","decl":{"start":{"line":90,"column":27},"end":{"line":90,"column":28}},"loc":{"start":{"line":90,"column":53},"end":{"line":111,"column":1}},"line":90},"4":{"name":"(anonymous_4)","decl":{"start":{"line":113,"column":26},"end":{"line":113,"column":27}},"loc":{"start":{"line":113,"column":52},"end":{"line":141,"column":1}},"line":113}},"branchMap":{"0":{"loc":{"start":{"line":34,"column":8},"end":{"line":37,"column":9}},"type":"if","locations":[{"start":{"line":34,"column":8},"end":{"line":37,"column":9}},{"start":{},"end":{}}],"line":34},"1":{"loc":{"start":{"line":40,"column":8},"end":{"line":40,"column":67}},"type":"if","locations":[{"start":{"line":40,"column":8},"end":{"line":40,"column":67}},{"start":{},"end":{}}],"line":40},"2":{"loc":{"start":{"line":43,"column":8},"end":{"line":46,"column":9}},"type":"if","locations":[{"start":{"line":43,"column":8},"end":{"line":46,"column":9}},{"start":{},"end":{}}],"line":43},"3":{"loc":{"start":{"line":60,"column":8},"end":{"line":63,"column":9}},"type":"if","locations":[{"start":{"line":60,"column":8},"end":{"line":63,"column":9}},{"start":{},"end":{}}],"line":60},"4":{"loc":{"start":{"line":66,"column":8},"end":{"line":66,"column":67}},"type":"if","locations":[{"start":{"line":66,"column":8},"end":{"line":66,"column":67}},{"start":{},"end":{}}],"line":66},"5":{"loc":{"start":{"line":68,"column":8},"end":{"line":71,"column":9}},"type":"if","locations":[{"start":{"line":68,"column":8},"end":{"line":71,"column":9}},{"start":{},"end":{}}],"line":68},"6":{"loc":{"start":{"line":74,"column":8},"end":{"line":74,"column":42}},"type":"if","locations":[{"start":{"line":74,"column":8},"end":{"line":74,"column":42}},{"start":{},"end":{}}],"line":74},"7":{"loc":{"start":{"line":75,"column":8},"end":{"line":75,"column":63}},"type":"if","locations":[{"start":{"line":75,"column":8},"end":{"line":75,"column":63}},{"start":{},"end":{}}],"line":75},"8":{"loc":{"start":{"line":76,"column":8},"end":{"line":76,"column":42}},"type":"if","locations":[{"start":{"line":76,"column":8},"end":{"line":76,"column":42}},{"start":{},"end":{}}],"line":76},"9":{"loc":{"start":{"line":77,"column":8},"end":{"line":77,"column":54}},"type":"if","locations":[{"start":{"line":77,"column":8},"end":{"line":77,"column":54}},{"start":{},"end":{}}],"line":77},"10":{"loc":{"start":{"line":78,"column":8},"end":{"line":78,"column":54}},"type":"if","locations":[{"start":{"line":78,"column":8},"end":{"line":78,"column":54}},{"start":{},"end":{}}],"line":78},"11":{"loc":{"start":{"line":95,"column":8},"end":{"line":95,"column":61}},"type":"if","locations":[{"start":{"line":95,"column":8},"end":{"line":95,"column":61}},{"start":{},"end":{}}],"line":95},"12":{"loc":{"start":{"line":96,"column":8},"end":{"line":101,"column":9}},"type":"if","locations":[{"start":{"line":96,"column":8},"end":{"line":101,"column":9}},{"start":{},"end":{}}],"line":96},"13":{"loc":{"start":{"line":120,"column":8},"end":{"line":120,"column":67}},"type":"if","locations":[{"start":{"line":120,"column":8},"end":{"line":120,"column":67}},{"start":{},"end":{}}],"line":120},"14":{"loc":{"start":{"line":121,"column":8},"end":{"line":126,"column":9}},"type":"if","locations":[{"start":{"line":121,"column":8},"end":{"line":126,"column":9}},{"start":{},"end":{}}],"line":121},"15":{"loc":{"start":{"line":129,"column":8},"end":{"line":132,"column":9}},"type":"if","locations":[{"start":{"line":129,"column":8},"end":{"line":132,"column":9}},{"start":{},"end":{}}],"line":129}},"s":{"0":9,"1":3,"2":3,"3":3,"4":3,"5":3,"6":3,"7":3,"8":0,"9":0,"10":9,"11":4,"12":4,"13":4,"14":4,"15":0,"16":0,"17":4,"18":4,"19":2,"20":4,"21":4,"22":1,"23":1,"24":3,"25":3,"26":0,"27":0,"28":9,"29":4,"30":4,"31":4,"32":0,"33":0,"34":4,"35":4,"36":4,"37":2,"38":4,"39":4,"40":1,"41":1,"42":3,"43":3,"44":3,"45":3,"46":3,"47":3,"48":3,"49":3,"50":3,"51":3,"52":3,"53":3,"54":3,"55":3,"56":0,"57":0,"58":9,"59":4,"60":4,"61":4,"62":4,"63":4,"64":1,"65":4,"66":1,"67":1,"68":1,"69":1,"70":4,"71":4,"72":4,"73":0,"74":0,"75":9,"76":5,"77":5,"78":5,"79":5,"80":5,"81":5,"82":2,"83":5,"84":1,"85":1,"86":1,"87":1,"88":5,"89":5,"90":1,"91":1,"92":4,"93":4,"94":0,"95":0},"f":{"0":3,"1":4,"2":4,"3":4,"4":5},"b":{"0":[0,4],"1":[2,2],"2":[1,3],"3":[0,4],"4":[2,2],"5":[1,3],"6":[3,0],"7":[3,0],"8":[3,0],"9":[3,0],"10":[3,0],"11":[1,3],"12":[1,3],"13":[2,3],"14":[1,4],"15":[1,4]},"_coverageSchema":"1a1c01bbd47fc00a2c39e90264f33305004495a9","hash":"bdab4b605a31c7b56383930c003c06c938369433"}
,"D:\\COLLEGE\\Internships\\Cittaa\\Backend\\controllers\\admin\\admin.users.js": {"path":"D:\\COLLEGE\\Internships\\Cittaa\\Backend\\controllers\\admin\\admin.users.js","statementMap":{"0":{"start":{"line":5,"column":24},"end":{"line":26,"column":1}},"1":{"start":{"line":6,"column":4},"end":{"line":25,"column":5}},"2":{"start":{"line":7,"column":22},"end":{"line":7,"column":24}},"3":{"start":{"line":8,"column":8},"end":{"line":14,"column":9}},"4":{"start":{"line":9,"column":12},"end":{"line":9,"column":27}},"5":{"start":{"line":10,"column":12},"end":{"line":10,"column":28}},"6":{"start":{"line":11,"column":12},"end":{"line":11,"column":33}},"7":{"start":{"line":12,"column":12},"end":{"line":12,"column":32}},"8":{"start":{"line":13,"column":12},"end":{"line":13,"column":32}},"9":{"start":{"line":15,"column":22},"end":{"line":15,"column":76}},"10":{"start":{"line":16,"column":8},"end":{"line":16,"column":42}},"11":{"start":{"line":17,"column":8},"end":{"line":20,"column":11}},"12":{"start":{"line":23,"column":8},"end":{"line":23,"column":74}},"13":{"start":{"line":24,"column":8},"end":{"line":24,"column":20}},"14":{"start":{"line":28,"column":23},"end":{"line":53,"column":1}},"15":{"start":{"line":29,"column":4},"end":{"line":52,"column":5}},"16":{"start":{"line":30,"column":22},"end":{"line":30,"column":24}},"17":{"start":{"line":31,"column":8},"end":{"line":37,"column":9}},"18":{"start":{"line":32,"column":12},"end":{"line":32,"column":27}},"19":{"start":{"line":33,"column":12},"end":{"line":33,"column":28}},"20":{"start":{"line":34,"column":12},"end":{"line":34,"column":33}},"21":{"start":{"line":35,"column":12},"end":{"line":35,"column":32}},"22":{"start":{"line":36,"column":12},"end":{"line":36,"column":32}},"23":{"start":{"line":38,"column":21},"end":{"line":38,"column":90}},"24":{"start":{"line":39,"column":8},"end":{"line":42,"column":9}},"25":{"start":{"line":40,"column":12},"end":{"line":40,"column":65}},"26":{"start":{"line":41,"column":12},"end":{"line":41,"column":69}},"27":{"start":{"line":43,"column":8},"end":{"line":43,"column":58}},"28":{"start":{"line":44,"column":8},"end":{"line":47,"column":11}},"29":{"start":{"line":50,"column":8},"end":{"line":50,"column":90}},"30":{"start":{"line":51,"column":8},"end":{"line":51,"column":20}},"31":{"start":{"line":55,"column":26},"end":{"line":72,"column":1}},"32":{"start":{"line":56,"column":4},"end":{"line":71,"column":5}},"33":{"start":{"line":57,"column":21},"end":{"line":57,"column":63}},"34":{"start":{"line":58,"column":8},"end":{"line":61,"column":9}},"35":{"start":{"line":59,"column":12},"end":{"line":59,"column":65}},"36":{"start":{"line":60,"column":12},"end":{"line":60,"column":69}},"37":{"start":{"line":62,"column":8},"end":{"line":62,"column":58}},"38":{"start":{"line":63,"column":8},"end":{"line":66,"column":11}},"39":{"start":{"line":69,"column":8},"end":{"line":69,"column":90}},"40":{"start":{"line":70,"column":8},"end":{"line":70,"column":20}}},"fnMap":{"0":{"name":"(anonymous_0)","decl":{"start":{"line":5,"column":24},"end":{"line":5,"column":25}},"loc":{"start":{"line":5,"column":50},"end":{"line":26,"column":1}},"line":5},"1":{"name":"(anonymous_1)","decl":{"start":{"line":28,"column":23},"end":{"line":28,"column":24}},"loc":{"start":{"line":28,"column":49},"end":{"line":53,"column":1}},"line":28},"2":{"name":"(anonymous_2)","decl":{"start":{"line":55,"column":26},"end":{"line":55,"column":27}},"loc":{"start":{"line":55,"column":52},"end":{"line":72,"column":1}},"line":55}},"branchMap":{"0":{"loc":{"start":{"line":8,"column":8},"end":{"line":14,"column":9}},"type":"if","locations":[{"start":{"line":8,"column":8},"end":{"line":14,"column":9}},{"start":{},"end":{}}],"line":8},"1":{"loc":{"start":{"line":31,"column":8},"end":{"line":37,"column":9}},"type":"if","locations":[{"start":{"line":31,"column":8},"end":{"line":37,"column":9}},{"start":{},"end":{}}],"line":31},"2":{"loc":{"start":{"line":39,"column":8},"end":{"line":42,"column":9}},"type":"if","locations":[{"start":{"line":39,"column":8},"end":{"line":42,"column":9}},{"start":{},"end":{}}],"line":39},"3":{"loc":{"start":{"line":58,"column":8},"end":{"line":61,"column":9}},"type":"if","locations":[{"start":{"line":58,"column":8},"end":{"line":61,"column":9}},{"start":{},"end":{}}],"line":58}},"s":{"0":9,"1":3,"2":3,"3":3,"4":1,"5":1,"6":1,"7":1,"8":1,"9":3,"10":3,"11":3,"12":0,"13":0,"14":9,"15":3,"16":3,"17":3,"18":1,"19":1,"20":1,"21":1,"22":1,"23":3,"24":3,"25":0,"26":0,"27":3,"28":3,"29":0,"30":0,"31":9,"32":2,"33":2,"34":2,"35":0,"36":0,"37":2,"38":2,"39":0,"40":0},"f":{"0":3,"1":3,"2":2},"b":{"0":[1,2],"1":[1,2],"2":[0,3],"3":[0,2]},"_coverageSchema":"1a1c01bbd47fc00a2c39e90264f33305004495a9","hash":"1e1325ef6f0c8fa6ca57e83f5394513e9d35a8be"}
,"D:\\COLLEGE\\Internships\\Cittaa\\Backend\\middleware\\admin.auth.js": {"path":"D:\\COLLEGE\\Internships\\Cittaa\\Backend\\middleware\\admin.auth.js","statementMap":{"0":{"start":{"line":6,"column":27},"end":{"line":39,"column":1}},"1":{"start":{"line":7,"column":4},"end":{"line":38,"column":5}},"2":{"start":{"line":8,"column":22},"end":{"line":8,"column":45}},"3":{"start":{"line":9,"column":8},"end":{"line":12,"column":9}},"4":{"start":{"line":10,"column":12},"end":{"line":10,"column":79}},"5":{"start":{"line":11,"column":12},"end":{"line":11,"column":68}},"6":{"start":{"line":14,"column":25},"end":{"line":18,"column":9}},"7":{"start":{"line":19,"column":8},"end":{"line":19,"column":29}},"8":{"start":{"line":20,"column":33},"end":{"line":20,"column":62}},"9":{"start":{"line":22,"column":8},"end":{"line":24,"column":9}},"10":{"start":{"line":23,"column":12},"end":{"line":23,"column":44}},"11":{"start":{"line":26,"column":28},"end":{"line":26,"column":82}},"12":{"start":{"line":27,"column":8},"end":{"line":30,"column":9}},"13":{"start":{"line":28,"column":12},"end":{"line":28,"column":132}},"14":{"start":{"line":29,"column":12},"end":{"line":29,"column":65}},"15":{"start":{"line":32,"column":8},"end":{"line":32,"column":69}},"16":{"start":{"line":33,"column":8},"end":{"line":33,"column":15}},"17":{"start":{"line":36,"column":8},"end":{"line":36,"column":39}},"18":{"start":{"line":37,"column":8},"end":{"line":37,"column":18}},"19":{"start":{"line":41,"column":20},"end":{"line":55,"column":1}},"20":{"start":{"line":42,"column":18},"end":{"line":42,"column":48}},"21":{"start":{"line":43,"column":4},"end":{"line":43,"column":27}},"22":{"start":{"line":45,"column":18},"end":{"line":51,"column":5}},"23":{"start":{"line":53,"column":4},"end":{"line":53,"column":69}},"24":{"start":{"line":54,"column":4},"end":{"line":54,"column":40}},"25":{"start":{"line":57,"column":24},"end":{"line":114,"column":1}},"26":{"start":{"line":58,"column":21},"end":{"line":58,"column":29}},"27":{"start":{"line":59,"column":21},"end":{"line":59,"column":44}},"28":{"start":{"line":60,"column":4},"end":{"line":60,"column":80}},"29":{"start":{"line":62,"column":29},"end":{"line":62,"column":59}},"30":{"start":{"line":63,"column":32},"end":{"line":63,"column":62}},"31":{"start":{"line":64,"column":27},"end":{"line":64,"column":59}},"32":{"start":{"line":65,"column":24},"end":{"line":65,"column":41}},"33":{"start":{"line":66,"column":25},"end":{"line":66,"column":41}},"34":{"start":{"line":69,"column":4},"end":{"line":71,"column":5}},"35":{"start":{"line":70,"column":8},"end":{"line":70,"column":20}},"36":{"start":{"line":74,"column":4},"end":{"line":76,"column":5}},"37":{"start":{"line":75,"column":8},"end":{"line":75,"column":20}},"38":{"start":{"line":79,"column":4},"end":{"line":81,"column":5}},"39":{"start":{"line":80,"column":8},"end":{"line":80,"column":20}},"40":{"start":{"line":84,"column":28},"end":{"line":100,"column":5}},"41":{"start":{"line":103,"column":4},"end":{"line":111,"column":5}},"42":{"start":{"line":104,"column":8},"end":{"line":110,"column":9}},"43":{"start":{"line":105,"column":12},"end":{"line":109,"column":13}},"44":{"start":{"line":108,"column":16},"end":{"line":108,"column":28}},"45":{"start":{"line":113,"column":4},"end":{"line":113,"column":17}}},"fnMap":{"0":{"name":"(anonymous_0)","decl":{"start":{"line":6,"column":27},"end":{"line":6,"column":28}},"loc":{"start":{"line":6,"column":47},"end":{"line":39,"column":1}},"line":6},"1":{"name":"(anonymous_1)","decl":{"start":{"line":41,"column":20},"end":{"line":41,"column":21}},"loc":{"start":{"line":41,"column":44},"end":{"line":55,"column":1}},"line":41},"2":{"name":"(anonymous_2)","decl":{"start":{"line":57,"column":24},"end":{"line":57,"column":25}},"loc":{"start":{"line":57,"column":51},"end":{"line":114,"column":1}},"line":57}},"branchMap":{"0":{"loc":{"start":{"line":9,"column":8},"end":{"line":12,"column":9}},"type":"if","locations":[{"start":{"line":9,"column":8},"end":{"line":12,"column":9}},{"start":{},"end":{}}],"line":9},"1":{"loc":{"start":{"line":22,"column":8},"end":{"line":24,"column":9}},"type":"if","locations":[{"start":{"line":22,"column":8},"end":{"line":24,"column":9}},{"start":{},"end":{}}],"line":22},"2":{"loc":{"start":{"line":27,"column":8},"end":{"line":30,"column":9}},"type":"if","locations":[{"start":{"line":27,"column":8},"end":{"line":30,"column":9}},{"start":{},"end":{}}],"line":27},"3":{"loc":{"start":{"line":69,"column":4},"end":{"line":71,"column":5}},"type":"if","locations":[{"start":{"line":69,"column":4},"end":{"line":71,"column":5}},{"start":{},"end":{}}],"line":69},"4":{"loc":{"start":{"line":74,"column":4},"end":{"line":76,"column":5}},"type":"if","locations":[{"start
[...]
,"D:\\COLLEGE\\Internships\\Cittaa\\Backend\\middleware\\auth.js": {"path":"D:\\COLLEGE\\Internships\\Cittaa\\Backend\\middleware\\auth.js","statementMap":{"0":{"start":{"line":7,"column":27},"end":{"line":34,"column":1}},"1":{"start":{"line":8,"column":4},"end":{"line":33,"column":5}},"2":{"start":{"line":9,"column":22},"end":{"line":9,"column":45}},"3":{"start":{"line":10,"column":8},"end":{"line":13,"column":9}},"4":{"start":{"line":11,"column":12},"end":{"line":11,"column":74}},"5":{"start":{"line":12,"column":12},"end":{"line":12,"column":68}},"6":{"start":{"line":15,"column":25},"end":{"line":19,"column":9}},"7":{"start":{"line":20,"column":8},"end":{"line":20,"column":28}},"8":{"start":{"line":21,"column":33},"end":{"line":21,"column":62}},"9":{"start":{"line":23,"column":8},"end":{"line":25,"column":9}},"10":{"start":{"line":24,"column":12},"end":{"line":24,"column":44}},"11":{"start":{"line":27,"column":8},"end":{"line":27,"column":62}},"12":{"start":{"line":28,"column":8},"end":{"line":28,"column":15}},"13":{"start":{"line":31,"column":8},"end":{"line":31,"column":34}},"14":{"start":{"line":32,"column":8},"end":{"line":32,"column":18}},"15":{"start":{"line":36,"column":36},"end":{"line":58,"column":1}},"16":{"start":{"line":37,"column":4},"end":{"line":56,"column":5}},"17":{"start":{"line":38,"column":22},"end":{"line":38,"column":45}},"18":{"start":{"line":40,"column":23},"end":{"line":44,"column":9}},"19":{"start":{"line":46,"column":8},"end":{"line":46,"column":26}},"20":{"start":{"line":47,"column":33},"end":{"line":47,"column":62}},"21":{"start":{"line":49,"column":8},"end":{"line":51,"column":9}},"22":{"start":{"line":50,"column":12},"end":{"line":50,"column":44}},"23":{"start":{"line":52,"column":8},"end":{"line":52,"column":15}},"24":{"start":{"line":55,"column":8},"end":{"line":55,"column":15}},"25":{"start":{"line":60,"column":20},"end":{"line":76,"column":1}},"26":{"start":{"line":61,"column":18},"end":{"line":61,"column":47}},"27":{"start":{"line":63,"column":4},"end":{"line":63,"column":24}},"28":{"start":{"line":64,"column":4},"end":{"line":64,"column":31}},"29":{"start":{"line":66,"column":18},"end":{"line":72,"column":5}},"30":{"start":{"line":74,"column":4},"end":{"line":74,"column":62}},"31":{"start":{"line":75,"column":4},"end":{"line":75,"column":38}}},"fnMap":{"0":{"name":"(anonymous_0)","decl":{"start":{"line":7,"column":27},"end":{"line":7,"column":28}},"loc":{"start":{"line":7,"column":47},"end":{"line":34,"column":1}},"line":7},"1":{"name":"(anonymous_1)","decl":{"start":{"line":36,"column":36},"end":{"line":36,"column":37}},"loc":{"start":{"line":36,"column":56},"end":{"line":58,"column":1}},"line":36},"2":{"name":"(anonymous_2)","decl":{"start":{"line":60,"column":20},"end":{"line":60,"column":21}},"loc":{"start":{"line":60,"column":44},"end":{"line":76,"column":1}},"line":60}},"branchMap":{"0":{"loc":{"start":{"line":10,"column":8},"end":{"line":13,"column":9}},"type":"if","locations":[{"start":{"line":10,"column":8},"end":{"line":13,"column":9}},{"start":{},"end":{}}],"line":10},"1":{"loc":{"start":{"line":23,"column":8},"end":{"line":25,"column":9}},"type":"if","locations":[{"start":{"line":23,"column":8},"end":{"line":25,"column":9}},{"start":{},"end":{}}],"line":23},"2":{"loc":{"start":{"line":49,"column":8},"end":{"line":51,"column":9}},"type":"if","locations":[{"start":{"line":49,"column":8},"end":{"line":51,"column":9}},{"start":{},"end":{}}],"line":49}},"s":{"0":9,"1":21,"2":21,"3":21,"4":3,"5":3,"6":18,"7":18,"8":18,"9":18,"10":0,"11":18,"12":18,"13":0,"14":0,"15":9,"16":2,"17":2,"18":2,"19":1,"20":1,"21":1,"22":0,"23":1,"24":1,"25":9,"26":0,"27":0,"28":0,"29":0,"30":0,"31":0},"f":{"0":21,"1":2,"2":0},"b":{"0":[3,18],"1":[0,18],"2":[0,1]},"_coverageSchema":"1a1c01bbd47fc00a2c39e90264f33305004495a9","hash":"471276ead4f3398dbe247fa588063e1cbdacf820"}
,"D:\\COLLEGE\\Internships\\Cittaa\\Backend\\middleware\\authValidator.js": {"path":"D:\\COLLEGE\\Internships\\Cittaa\\Backend\\middleware\\authValidator.js","statementMap":{"0":{"start":{"line":3,"column":36},"end":{"line":29,"column":1}},"1":{"start":{"line":18,"column":36},"end":{"line":18,"column":72}},"2":{"start":{"line":19,"column":12},"end":{"line":19,"column":47}},"3":{"start":{"line":31,"column":33},"end":{"line":34,"column":1}}},"fnMap":{"0":{"name":"(anonymous_0)","decl":{"start":{"line":17,"column":16},"end":{"line":17,"column":17}},"loc":{"start":{"line":17,"column":36},"end":{"line":20,"column":9}},"line":17}},"branchMap":{},"s":{"0":9,"1":2,"2":2,"3":9},"f":{"0":2},"b":{},"_coverageSchema":"1a1c01bbd47fc00a2c39e90264f33305004495a9","hash":"377cd1e27c658f192afa5c7392af11dee902e269"}
,"D:\\COLLEGE\\Internships\\Cittaa\\Backend\\middleware\\errorHandler.js": {"path":"D:\\COLLEGE\\Internships\\Cittaa\\Backend\\middleware\\errorHandler.js","statementMap":{"0":{"start":{"line":3,"column":28},"end":{"line":12,"column":1}},"1":{"start":{"line":4,"column":2},"end":{"line":10,"column":3}},"2":{"start":{"line":5,"column":60},"end":{"line":5,"column":63}},"3":{"start":{"line":6,"column":4},"end":{"line":9,"column":62}},"4":{"start":{"line":7,"column":6},"end":{"line":7,"column":61}},"5":{"start":{"line":9,"column":6},"end":{"line":9,"column":62}},"6":{"start":{"line":11,"column":2},"end":{"line":11,"column":70}}},"fnMap":{"0":{"name":"(anonymous_0)","decl":{"start":{"line":3,"column":28},"end":{"line":3,"column":29}},"loc":{"start":{"line":3,"column":53},"end":{"line":12,"column":1}},"line":3}},"branchMap":{"0":{"loc":{"start":{"line":4,"column":2},"end":{"line":10,"column":3}},"type":"if","locations":[{"start":{"line":4,"column":2},"end":{"line":10,"column":3}},{"start":{},"end":{}}],"line":4},"1":{"loc":{"start":{"line":6,"column":4},"end":{"line":9,"column":62}},"type":"if","locations":[{"start":{"line":6,"column":4},"end":{"line":9,"column":62}},{"start":{"line":9,"column":6},"end":{"line":9,"column":62}}],"line":6}},"s":{"0":9,"1":38,"2":38,"3":38,"4":37,"5":1,"6":0},"f":{"0":38},"b":{"0":[38,0],"1":[37,1]},"_coverageSchema":"1a1c01bbd47fc00a2c39e90264f33305004495a9","hash":"b341a016c2dbf6ffbfec08b6ba853e711fffd9e5"}
,"D:\\COLLEGE\\Internships\\Cittaa\\Backend\\middleware\\routeNotFoundHandler.js": {"path":"D:\\COLLEGE\\Internships\\Cittaa\\Backend\\middleware\\routeNotFoundHandler.js","statementMap":{"0":{"start":{"line":1,"column":36},"end":{"line":3,"column":1}},"1":{"start":{"line":2,"column":4},"end":{"line":2,"column":92}}},"fnMap":{"0":{"name":"(anonymous_0)","decl":{"start":{"line":1,"column":36},"end":{"line":1,"column":37}},"loc":{"start":{"line":1,"column":50},"end":{"line":3,"column":1}},"line":1}},"branchMap":{},"s":{"0":9,"1":0},"f":{"0":0},"b":{},"_coverageSchema":"1a1c01bbd47fc00a2c39e90264f33305004495a9","hash":"edd7190b1720c9d87891e8f7d4dedffc99d4c5ea"}
,"D:\\COLLEGE\\Internships\\Cittaa\\Backend\\models\\Admin.js": {"path":"D:\\COLLEGE\\Internships\\Cittaa\\Backend\\models\\Admin.js","statementMap":{"0":{"start":{"line":3,"column":20},"end":{"line":26,"column":24}},"1":{"start":{"line":28,"column":14},"end":{"line":28,"column":50}}},"fnMap":{},"branchMap":{},"s":{"0":9,"1":9},"f":{},"b":{},"_coverageSchema":"1a1c01bbd47fc00a2c39e90264f33305004495a9","hash":"55bd68560aea86d5fa8468ee86f886d15362818a"}
,"D:\\COLLEGE\\Internships\\Cittaa\\Backend\\models\\Order.js": {"path":"D:\\COLLEGE\\Internships\\Cittaa\\Backend\\models\\Order.js","statementMap":{"0":{"start":{"line":4,"column":20},"end":{"line":43,"column":1}},"1":{"start":{"line":45,"column":0},"end":{"line":45,"column":29}},"2":{"start":{"line":47,"column":14},"end":{"line":47,"column":50}}},"fnMap":{},"branchMap":{},"s":{"0":9,"1":9,"2":9},"f":{},"b":{},"_coverageSchema":"1a1c01bbd47fc00a2c39e90264f33305004495a9","hash":"f5fc987fa6ef0836874f9fc7f15d4a225dae4f53"}
,"D:\\COLLEGE\\Internships\\Cittaa\\Backend\\models\\Product.js": {"path":"D:\\COLLEGE\\Internships\\Cittaa\\Backend\\models\\Product.js","statementMap":{"0":{"start":{"line":4,"column":22},"end":{"line":44,"column":24}},"1":{"start":{"line":46,"column":0},"end":{"line":46,"column":31}},"2":{"start":{"line":48,"column":16},"end":{"line":48,"column":56}}},"fnMap":{},"branchMap":{},"s":{"0":9,"1":9,"2":9},"f":{},"b":{},"_coverageSchema":"1a1c01bbd47fc00a2c39e90264f33305004495a9","hash":"8a777c9df54f8e8085cdd3acfc4df159114eac30"}
,"D:\\COLLEGE\\Internships\\Cittaa\\Backend\\models\\User.js": {"path":"D:\\COLLEGE\\Internships\\Cittaa\\Backend\\models\\User.js","statementMap":{"0":{"start":{"line":3,"column":19},"end":{"line":41,"column":24}},"1":{"start":{"line":43,"column":13},"end":{"line":43,"column":47}}},"fnMap":{},"branchMap":{},"s":{"0":9,"1":9},"f":{},"b":{},"_coverageSchema":"1a1c01bbd47fc00a2c39e90264f33305004495a9","hash":"1b8d5c887169cc83d62526445e29099a9fee3431"}
,"D:\\COLLEGE\\Internships\\Cittaa\\Backend\\routes\\auth.js": {"path":"D:\\COLLEGE\\Internships\\Cittaa\\Backend\\routes\\auth.js","statementMap":{"0":{"start":{"line":6,"column":15},"end":{"line":6,"column":31}},"1":{"start":{"line":8,"column":0},"end":{"line":8,"column":57}},"2":{"start":{"line":9,"column":0},"end":{"line":9,"column":48}},"3":{"start":{"line":10,"column":0},"end":{"line":10,"column":44}}},"fnMap":{},"branchMap":{},"s":{"0":9,"1":9,"2":9,"3":9},"f":{},"b":{},"_coverageSchema":"1a1c01bbd47fc00a2c39e90264f33305004495a9","hash":"299487d22f2b84fb66283009a701b6bc6561365c"}
,"D:\\COLLEGE\\Internships\\Cittaa\\Backend\\routes\\orders.js": {"path":"D:\\COLLEGE\\Internships\\Cittaa\\Backend\\routes\\orders.js","statementMap":{"0":{"start":{"line":5,"column":15},"end":{"line":5,"column":31}},"1":{"start":{"line":7,"column":0},"end":{"line":7,"column":44}},"2":{"start":{"line":8,"column":0},"end":{"line":8,"column":42}},"3":{"start":{"line":10,"column":0},"end":{"line":10,"column":63}},"4":{"start":{"line":11,"column":0},"end":{"line":11,"column":57}},"5":{"start":{"line":12,"column":0},"end":{"line":12,"column":44}}},"fnMap":{},"branchMap":{},"s":{"0":9,"1":9,"2":9,"3":9,"4":9,"5":9},"f":{},"b":{},"_coverageSchema":"1a1c01bbd47fc00a2c39e90264f33305004495a9","hash":"6211159b8ed9da1e5f36b83fa1ae2d791661fed3"}
,"D:\\COLLEGE\\Internships\\Cittaa\\Backend\\routes\\products.js": {"path":"D:\\COLLEGE\\Internships\\Cittaa\\Backend\\routes\\products.js","statementMap":{"0":{"start":{"line":5,"column":15},"end":{"line":5,"column":31}},"1":{"start":{"line":7,"column":0},"end":{"line":7,"column":29}},"2":{"start":{"line":8,"column":0},"end":{"line":8,"column":53}},"3":{"start":{"line":10,"column":0},"end":{"line":10,"column":52}}},"fnMap":{},"branchMap":{},"s":{"0":9,"1":9,"2":9,"3":9},"f":{},"b":{},"_coverageSchema":"1a1c01bbd47fc00a2c39e90264f33305004495a9","hash":"91880d3d1bca1015390978e32fc1d2cef849bdb6"}
,"D:\\COLLEGE\\Internships\\Cittaa\\Backend\\routes\\users.js": {"path":"D:\\COLLEGE\\Internships\\Cittaa\\Backend\\routes\\users.js","statementMap":{"0":{"start":{"line":5,"column":15},"end":{"line":5,"column":31}},"1":{"start":{"line":7,"column":0},"end":{"line":7,"column":42}},"2":{"start":{"line":8,"column":0},"end":{"line":8,"column":48}},"3":{"start":{"line":10,"column":0},"end":{"line":10,"column":45}},"4":{"start":{"line":11,"column":0},"end":{"line":11,"column":52}}},"fnMap":{},"branchMap":{},"s":{"0":9,"1":9,"2":9,"3":9,"4":9},"f":{},"b":{},"_coverageSchema":"1a1c01bbd47fc00a2c39e90264f33305004495a9","hash":"69a7e2308618404fe7c8d26cfe041132ed18f799"}
,"D:\\COLLEGE\\Internships\\Cittaa\\Backend\\routes\\admin\\admin.js": {"path":"D:\\COLLEGE\\Internships\\Cittaa\\Backend\\routes\\admin\\admin.js","statementMap":{"0":{"start":{"line":10,"column":15},"end":{"line":10,"column":31}},"1":{"start":{"line":12,"column":0},"end":{"line":12,"column":70}},"2":{"start":{"line":13,"column":0},"end":{"line":13,"column":51}},"3":{"start":{"line":14,"column":0},"end":{"line":14,"column":48}},"4":{"start":{"line":15,"column":0},"end":{"line":15,"column":44}},"5":{"start":{"line":17,"column":0},"end":{"line":17,"column":44}},"6":{"start":{"line":18,"column":0},"end":{"line":18,"column":48}},"7":{"start":{"line":20,"column":0},"end":{"line":20,"column":38}},"8":{"start":{"line":21,"column":0},"end":{"line":21,"column":34}},"9":{"start":{"line":22,"column":0},"end":{"line":22,"column":32}}},"fnMap":{},"branchMap":{},"s":{"0":9,"1":9,"2":9,"3":9,"4":9,"5":9,"6":9,"7":9,"8":9,"9":9},"f":{},"b":{},"_coverageSchema":"1a1c01bbd47fc00a2c39e90264f33305004495a9","hash":"1d046da641a8d4f7c52531dcc05d048173d58a0b"}
,"D:\\COLLEGE\\Internships\\Cittaa\\Backend\\routes\\admin\\admin.orders.js": {"path":"D:\\COLLEGE\\Internships\\Cittaa\\Backend\\routes\\admin\\admin.orders.js","statementMap":{"0":{"start":{"line":5,"column":15},"end":{"line":5,"column":31}},"1":{"start":{"line":7,"column":0},"end":{"line":7,"column":45}},"2":{"start":{"line":8,"column":0},"end":{"line":8,"column":44}},"3":{"start":{"line":9,"column":0},"end":{"line":9,"column":40}},"4":{"start":{"line":10,"column":0},"end":{"line":10,"column":42}}},"fnMap":{},"branchMap":{},"s":{"0":9,"1":9,"2":9,"3":9,"4":9},"f":{},"b":{},"_coverageSchema":"1a1c01bbd47fc00a2c39e90264f33305004495a9","hash":"1b8ce0aa1ccdf36364546fb15559609c45070c97"}
,"D:\\COLLEGE\\Internships\\Cittaa\\Backend\\routes\\admin\\admin.products.js": {"path":"D:\\COLLEGE\\Internships\\Cittaa\\Backend\\routes\\admin\\admin.products.js","statementMap":{"0":{"start":{"line":6,"column":15},"end":{"line":6,"column":31}},"1":{"start":{"line":8,"column":0},"end":{"line":8,"column":68}},"2":{"start":{"line":9,"column":0},"end":{"line":9,"column":47}},"3":{"start":{"line":10,"column":0},"end":{"line":10,"column":67}},"4":{"start":{"line":11,"column":0},"end":{"line":11,"column":42}},"5":{"start":{"line":12,"column":0},"end":{"line":12,"column":44}}},"fnMap":{},"branchMap":{},"s":{"0":9,"1":9,"2":9,"3":9,"4":9,"5":9},"f":{},"b":{},"_coverageSchema":"1a1c01bbd47fc00a2c39e90264f33305004495a9","hash":"033f86c5e195ec45c8d236368bda5d792c349a89"}
,"D:\\COLLEGE\\Internships\\Cittaa\\Backend\\routes\\admin\\admin.users.js": {"path":"D:\\COLLEGE\\Internships\\Cittaa\\Backend\\routes\\admin\\admin.users.js","statementMap":{"0":{"start":{"line":5,"column":15},"end":{"line":5,"column":31}},"1":{"start":{"line":7,"column":0},"end":{"line":7,"column":44}},"2":{"start":{"line":8,"column":0},"end":{"line":8,"column":39}},"3":{"start":{"line":9,"column":0},"end":{"line":9,"column":41}}},"fnMap":{},"branchMap":{},"s":{"0":9,"1":9,"2":9,"3":9},"f":{},"b":{},"_coverageSchema":"1a1c01bbd47fc00a2c39e90264f33305004495a9","hash":"8d55cdfcfc3d8226d4c25a3d27093fc4b91a2e91"}
,"D:\\COLLEGE\\Internships\\Cittaa\\Backend\\services\\logger.js": {"path":"D:\\COLLEGE\\Internships\\Cittaa\\Backend\\services\\logger.js","statementMap":{"0":{"start":{"line":4,"column":17},"end":{"line":4,"column":49}},"1":{"start":{"line":6,"column":24},"end":{"line":14,"column":1}},"2":{"start":{"line":7,"column":16},"end":{"line":7,"column":37}},"3":{"start":{"line":8,"column":19},"end":{"line":8,"column":34}},"4":{"start":{"line":9,"column":23},"end":{"line":9,"column":46}},"5":{"start":{"line":10,"column":24},"end":{"line":10,"column":57}},"6":{"start":{"line":11,"column":26},"end":{"line":11,"column":47}},"7":{"start":{"line":13,"column":4},"end":{"line":13,"column":97}},"8":{"start":{"line":16,"column":15},"end":{"line":28,"column":2}},"9":{"start":{"line":30,"column":27},"end":{"line":42,"column":2}}},"fnMap":{"0":{"name":"(anonymous_0)","decl":{"start":{"line":6,"column":24},"end":{"line":6,"column":25}},"loc":{"start":{"line":6,"column":30},"end":{"line":14,"column":1}},"line":6}},"branchMap":{"0":{"loc":{"start":{"line":4,"column":17},"end":{"line":4,"column":49}},"type":"binary-expr","locations":[{"start":{"line":4,"column":17},"end":{"line":4,"column":31}},{"start":{"line":4,"column":35},"end":{"line":4,"column":49}}],"line":4},"1":{"loc":{"start":{"line":9,"column":23},"end":{"line":9,"column":46}},"type":"cond-expr","locations":[{"start":{"line":9,"column":37},"end":{"line":9,"column":40}},{"start":{"line":9,"column":43},"end":{"line":9,"column":46}}],"line":9}},"s":{"0":9,"1":9,"2":224,"3":224,"4":224,"5":224,"6":224,"7":224,"8":9,"9":9},"f":{"0":224},"b":{"0":[9,9],"1":[224,0]},"_coverageSchema":"1a1c01bbd47fc00a2c39e90264f33305004495a9","hash":"734083ea66792e3a1e5c11d390f4ec142d2b47ed"}
,"D:\\COLLEGE\\Internships\\Cittaa\\Backend\\services\\mongo.js": {"path":"D:\\COLLEGE\\Internships\\Cittaa\\Backend\\services\\mongo.js","statementMap":{"0":{"start":{"line":3,"column":0},"end":{"line":5,"column":5}},"1":{"start":{"line":4,"column":4},"end":{"line":4,"column":63}},"2":{"start":{"line":7,"column":0},"end":{"line":9,"column":3}},"3":{"start":{"line":8,"column":4},"end":{"line":8,"column":23}},"4":{"start":{"line":11,"column":28},"end":{"line":19,"column":1}},"5":{"start":{"line":12,"column":4},"end":{"line":18,"column":6}},"6":{"start":{"line":21,"column":31},"end":{"line":23,"column":1}},"7":{"start":{"line":22,"column":4},"end":{"line":22,"column":32}}},"fnMap":{"0":{"name":"(anonymous_0)","decl":{"start":{"line":3,"column":33},"end":{"line":3,"column":34}},"loc":{"start":{"line":3,"column":39},"end":{"line":5,"column":3}},"line":3},"1":{"name":"(anonymous_1)","decl":{"start":{"line":7,"column":32},"end":{"line":7,"column":33}},"loc":{"start":{"line":7,"column":41},"end":{"line":9,"column":1}},"line":7},"2":{"name":"(anonymous_2)","decl":{"start":{"line":11,"column":28},"end":{"line":11,"column":29}},"loc":{"start":{"line":11,"column":40},"end":{"line":19,"column":1}},"line":11},"3":{"name":"(anonymous_3)","decl":{"start":{"line":21,"column":31},"end":{"line":21,"column":32}},"loc":{"start":{"line":21,"column":43},"end":{"line":23,"column":1}},"line":21}},"branchMap":{},"s":{"0":9,"1":9,"2":9,"3":0,"4":9,"5":9,"6":9,"7":9},"f":{"0":9,"1":0,"2":9,"3":9},"b":{},"_coverageSchema":"1a1c01bbd47fc00a2c39e90264f33305004495a9","hash":"3f7f06e042d3a5df0091f132494a0408302810f3"}
,"D:\\COLLEGE\\Internships\\Cittaa\\Backend\\services\\razorpay.js": {"path":"D:\\COLLEGE\\Internships\\Cittaa\\Backend\\services\\razorpay.js","statementMap":{"0":{"start":{"line":3,"column":0},"end":{"line":3,"column":16}},"1":{"start":{"line":5,"column":32},"end":{"line":8,"column":2}}},"fnMap":{},"branchMap":{},"s":{"0":9,"1":9},"f":{},"b":{},"_coverageSchema":"1a1c01bbd47fc00a2c39e90264f33305004495a9","hash":"2738758dd9339e396ad1abddf3a56cb707a34628"}
,"D:\\COLLEGE\\Internships\\Cittaa\\Backend\\utils\\APIError.js": {"path":"D:\\COLLEGE\\Internships\\Cittaa\\Backend\\utils\\APIError.js","statementMap":{"0":{"start":{"line":3,"column":8},"end":{"line":3,"column":21}},"1":{"start":{"line":4,"column":8},"end":{"line":4,"column":37}},"2":{"start":{"line":5,"column":8},"end":{"line":5,"column":29}},"3":{"start":{"line":6,"column":8},"end":{"line":6,"column":31}},"4":{"start":{"line":10,"column":30},"end":{"line":12,"column":1}},"5":{"start":{"line":11,"column":4},"end":{"line":11,"column":60}}},"fnMap":{"0":{"name":"(anonymous_0)","decl":{"start":{"line":2,"column":4},"end":{"line":2,"column":5}},"loc":{"start":{"line":2,"column":52},"end":{"line":7,"column":5}},"line":2},"1":{"name":"(anonymous_1)","decl":{"start":{"line":10,"column":30},"end":{"line":10,"column":31}},"loc":{"start":{"line":10,"column":70},"end":{"line":12,"column":1}},"line":10}},"branchMap":{},"s":{"0":38,"1":38,"2":38,"3":38,"4":9,"5":38},"f":{"0":38,"1":38},"b":{},"_coverageSchema":"1a1c01bbd47fc00a2c39e90264f33305004495a9","hash":"8214f2b327049d2b9aa66f1d9a0b4755fd8e223b"}
}
