TN:
SF:app.js
FN:26,(anonymous_0)
FNF:1
FNH:1
FNDA:1,(anonymous_0)
DA:13,9
DA:14,9
DA:15,9
DA:16,9
DA:18,9
DA:22,9
DA:25,9
DA:26,9
DA:27,9
DA:28,9
DA:29,9
DA:30,9
DA:31,9
DA:32,9
DA:33,9
LF:15
LH:15
BRF:0
BRH:0
end_of_record
TN:
SF:controllers\auth.js
FN:9,(anonymous_0)
FN:23,(anonymous_1)
FN:61,(anonymous_2)
FN:106,(anonymous_3)
FNF:4
FNH:4
FNDA:4,(anonymous_0)
FNDA:2,(anonymous_1)
FNDA:5,(anonymous_2)
FNDA:2,(anonymous_3)
DA:9,9
DA:10,4
DA:23,9
DA:24,2
DA:25,2
DA:27,2
DA:28,2
DA:29,1
DA:30,1
DA:33,1
DA:34,1
DA:35,0
DA:36,0
DA:39,1
DA:40,1
DA:42,1
DA:50,1
DA:51,1
DA:52,1
DA:55,0
DA:56,0
DA:61,9
DA:62,5
DA:63,5
DA:65,5
DA:66,5
DA:67,0
DA:68,0
DA:71,5
DA:72,5
DA:73,0
DA:74,0
DA:77,5
DA:78,5
DA:79,1
DA:80,1
DA:83,4
DA:85,4
DA:86,4
DA:88,4
DA:96,4
DA:97,4
DA:100,0
DA:101,0
DA:106,9
DA:107,2
DA:108,2
DA:109,2
DA:112,0
DA:113,0
LF:50
LH:38
BRDA:28,0,0,1
BRDA:28,0,1,1
BRDA:34,1,0,0
BRDA:34,1,1,1
BRDA:66,2,0,0
BRDA:66,2,1,5
BRDA:72,3,0,0
BRDA:72,3,1,5
BRDA:78,4,0,1
BRDA:78,4,1,4
BRF:10
BRH:7
end_of_record
TN:
SF:controllers\orders.js
FN:11,(anonymous_0)
FN:65,(anonymous_1)
FN:75,(anonymous_2)
FN:79,(anonymous_3)
FN:80,(anonymous_4)
FN:85,(anonymous_5)
FN:104,(anonymous_6)
FN:131,(anonymous_7)
FN:149,(anonymous_8)
FN:173,(anonymous_9)
FN:185,(anonymous_10)
FN:202,(anonymous_11)
FN:215,(anonymous_12)
FN:216,(anonymous_13)
FNF:14
FNH:13
FNDA:2,(anonymous_0)
FNDA:2,(anonymous_1)
FNDA:2,(anonymous_2)
FNDA:2,(anonymous_3)
FNDA:3,(anonymous_4)
FNDA:3,(anonymous_5)
FNDA:0,(anonymous_6)
FNDA:2,(anonymous_7)
FNDA:2,(anonymous_8)
FNDA:2,(anonymous_9)
FNDA:2,(anonymous_10)
FNDA:1,(anonymous_11)
FNDA:2,(anonymous_12)
FNDA:3,(anonymous_13)
DA:11,9
DA:12,2
DA:13,2
DA:14,2
DA:16,2
DA:17,2
DA:18,1
DA:19,0
DA:20,0
DA:21,0
DA:24,1
DA:28,1
DA:30,1
DA:31,1
DA:40,1
DA:45,1
DA:46,0
DA:47,0
DA:50,1
DA:53,1
DA:54,1
DA:60,0
DA:61,0
DA:65,9
DA:66,2
DA:67,2
DA:68,2
DA:70,2
DA:71,1
DA:72,1
DA:75,2
DA:76,1
DA:78,1
DA:79,1
DA:80,3
DA:81,0
DA:82,0
DA:83,0
DA:85,3
DA:87,1
DA:91,1
DA:93,1
DA:102,1
DA:103,1
DA:104,1
DA:105,0
DA:106,0
DA:109,1
DA:110,0
DA:111,0
DA:114,1
DA:116,1
DA:117,1
DA:119,1
DA:120,1
DA:126,0
DA:127,0
DA:131,9
DA:132,2
DA:133,2
DA:135,2
DA:137,2
DA:142,2
DA:143,2
DA:145,2
DA:146,1
DA:147,1
DA:149,1
DA:150,2
DA:151,2
DA:152,2
DA:155,1
DA:156,1
DA:161,1
DA:162,1
DA:168,0
DA:169,0
DA:173,9
DA:174,2
DA:175,2
DA:180,2
DA:181,1
DA:182,1
DA:185,1
DA:186,2
DA:189,2
DA:191,1
DA:193,1
DA:194,1
DA:197,0
DA:198,0
DA:202,9
DA:203,1
DA:204,1
DA:206,1
DA:215,1
DA:216,2
DA:217,3
DA:220,3
DA:222,2
DA:225,1
DA:226,1
DA:229,0
DA:230,0
LF:104
LH:82
BRDA:14,0,0,2
BRDA:17,1,0,1
BRDA:17,1,1,1
BRDA:18,2,0,0
BRDA:18,2,1,1
BRDA:45,3,0,0
BRDA:45,3,1,1
BRDA:70,4,0,1
BRDA:70,4,1,1
BRDA:80,5,0,0
BRDA:80,5,1,2
BRDA:105,6,0,0
BRDA:105,6,1,0
BRDA:105,7,0,0
BRDA:105,7,1,0
BRDA:105,7,2,0
BRDA:109,8,0,0
BRDA:109,8,1,1
BRDA:145,9,0,1
BRDA:145,9,1,1
BRDA:180,10,0,1
BRDA:180,10,1,1
BRDA:204,11,0,1
BRDA:204,12,0,1
BRDA:204,13,0,1
BRDA:211,14,0,0
BRDA:211,14,1,1
BRF:27
BRH:17
end_of_record
TN:
SF:controllers\products.js
FN:6,(anonymous_0)
FN:42,(anonymous_1)
FN:61,(anonymous_2)
FN:86,(anonymous_3)
FN:94,(anonymous_4)
FN:95,(anonymous_5)
FN:107,(anonymous_6)
FNF:7
FNH:7
FNDA:1,(anonymous_0)
FNDA:2,(anonymous_1)
FNDA:1,(anonymous_2)
FNDA:2,(anonymous_3)
FNDA:1,(anonymous_4)
FNDA:1,(anonymous_5)
FNDA:1,(anonymous_6)
DA:6,9
DA:7,1
DA:8,1
DA:10,1
DA:11,1
DA:12,0
DA:14,1
DA:31,1
DA:32,1
DA:34,1
DA:37,0
DA:38,0
DA:42,9
DA:43,2
DA:44,2
DA:45,2
DA:46,1
DA:48,2
DA:55,2
DA:56,0
DA:59,2
DA:60,2
DA:61,1
DA:62,1
DA:63,1
DA:67,2
DA:77,2
DA:78,2
DA:81,0
DA:82,0
DA:86,9
DA:87,2
DA:88,2
DA:89,2
DA:90,2
DA:92,2
DA:93,2
DA:94,2
DA:95,1
DA:96,1
DA:97,1
DA:101,2
DA:102,1
DA:103,1
DA:106,1
DA:107,1
DA:109,1
DA:111,1
DA:112,1
DA:113,0
DA:114,0
DA:119,1
DA:120,1
DA:121,1
DA:124,1
DA:128,1
DA:129,1
DA:132,0
DA:133,0
LF:59
LH:49
BRDA:8,0,0,1
BRDA:8,1,0,1
BRDA:8,2,0,1
BRDA:8,3,0,0
BRDA:11,4,0,0
BRDA:11,4,1,1
BRDA:19,5,0,1
BRDA:19,5,1,0
BRDA:31,6,0,0
BRDA:31,6,1,1
BRDA:45,7,0,1
BRDA:45,7,1,1
BRDA:55,8,0,0
BRDA:55,8,1,2
BRDA:60,9,0,1
BRDA:60,9,1,1
BRDA:62,10,0,1
BRDA:62,10,1,0
BRDA:96,11,0,1
BRDA:96,11,1,0
BRDA:101,12,0,1
BRDA:101,12,1,1
BRDA:112,13,0,0
BRDA:112,13,1,1
BRF:24
BRH:16
end_of_record
TN:
SF:controllers\users.js
FN:6,(anonymous_0)
FN:23,(anonymous_1)
FN:40,(anonymous_2)
FN:48,(anonymous_3)
FN:72,(anonymous_4)
FN:77,(anonymous_5)
FNF:6
FNH:5
FNDA:1,(anonymous_0)
FNDA:1,(anonymous_1)
FNDA:2,(anonymous_2)
FNDA:0,(anonymous_3)
FNDA:3,(anonymous_4)
FNDA:5,(anonymous_5)
DA:6,9
DA:7,1
DA:8,1
DA:9,1
DA:10,1
DA:12,1
DA:18,0
DA:19,0
DA:23,9
DA:24,1
DA:25,1
DA:26,1
DA:27,1
DA:28,1
DA:29,1
DA:35,0
DA:36,0
DA:40,9
DA:41,2
DA:42,2
DA:43,2
DA:44,2
DA:45,2
DA:47,1
DA:48,1
DA:49,1
DA:51,1
DA:52,0
DA:54,1
DA:57,1
DA:62,1
DA:63,1
DA:64,1
DA:67,0
DA:68,0
DA:72,9
DA:73,3
DA:74,3
DA:75,3
DA:76,3
DA:77,5
DA:78,3
DA:80,3
DA:81,2
DA:82,1
DA:84,1
DA:87,2
DA:92,2
DA:93,2
DA:94,2
DA:96,1
DA:97,1
DA:101,0
DA:102,0
LF:54
LH:45
BRDA:45,0,0,1
BRDA:45,0,1,1
BRDA:51,1,0,0
BRDA:51,1,1,1
BRDA:73,2,0,1
BRDA:80,3,0,2
BRDA:80,3,1,1
BRDA:81,4,0,1
BRDA:81,4,1,1
BRDA:81,5,0,2
BRDA:81,5,1,1
BRF:11
BRH:10
end_of_record
TN:
SF:controllers\admin\admin.auth.js
FN:10,(anonymous_0)
FN:25,(anonymous_1)
FN:65,(anonymous_2)
FN:96,(anonymous_3)
FN:141,(anonymous_4)
FNF:5
FNH:4
FNDA:37,(anonymous_0)
FNDA:6,(anonymous_1)
FNDA:6,(anonymous_2)
FNDA:38,(anonymous_3)
FNDA:0,(anonymous_4)
DA:10,9
DA:11,37
DA:25,9
DA:26,6
DA:27,6
DA:29,6
DA:30,6
DA:31,0
DA:32,0
DA:35,6
DA:36,6
DA:37,0
DA:38,0
DA:40,6
DA:41,1
DA:42,1
DA:45,5
DA:46,5
DA:48,5
DA:54,5
DA:55,5
DA:56,5
DA:59,0
DA:60,0
DA:65,9
DA:66,6
DA:67,6
DA:68,6
DA:69,6
DA:70,6
DA:71,0
DA:72,0
DA:74,6
DA:75,1
DA:76,1
DA:78,5
DA:79,0
DA:80,0
DA:82,5
DA:83,3
DA:85,5
DA:86,5
DA:87,5
DA:90,0
DA:91,0
DA:96,9
DA:97,38
DA:98,38
DA:100,38
DA:101,38
DA:102,0
DA:103,0
DA:106,38
DA:107,38
DA:108,0
DA:109,0
DA:112,38
DA:113,38
DA:114,1
DA:115,1
DA:118,37
DA:120,37
DA:121,37
DA:123,37
DA:131,37
DA:132,37
DA:135,0
DA:136,0
DA:141,9
DA:142,0
DA:143,0
DA:144,0
DA:147,0
DA:148,0
LF:74
LH:51
BRDA:30,0,0,0
BRDA:30,0,1,6
BRDA:36,1,0,0
BRDA:36,1,1,6
BRDA:40,2,0,1
BRDA:40,2,1,5
BRDA:40,3,0,6
BRDA:40,3,1,2
BRDA:70,4,0,0
BRDA:70,4,1,6
BRDA:74,5,0,1
BRDA:74,5,1,5
BRDA:74,6,0,6
BRDA:74,6,1,2
BRDA:78,7,0,0
BRDA:78,7,1,5
BRDA:82,8,0,3
BRDA:82,8,1,2
BRDA:101,9,0,0
BRDA:101,9,1,38
BRDA:107,10,0,0
BRDA:107,10,1,38
BRDA:113,11,0,1
BRDA:113,11,1,37
BRF:24
BRH:18
end_of_record
TN:
SF:controllers\admin\admin.js
FN:4,(anonymous_0)
FN:27,(anonymous_1)
FNF:2
FNH:2
FNDA:2,(anonymous_0)
FNDA:4,(anonymous_1)
DA:4,9
DA:5,2
DA:6,2
DA:7,2
DA:10,2
DA:11,1
DA:14,1
DA:16,2
DA:18,2
DA:19,2
DA:22,0
DA:23,0
DA:27,9
DA:28,4
DA:29,4
DA:30,4
DA:32,4
DA:33,4
DA:36,0
DA:37,0
LF:20
LH:16
BRDA:10,0,0,1
BRDA:10,0,1,1
BRF:2
BRH:2
end_of_record
TN:
SF:controllers\admin\admin.orders.js
FN:6,(anonymous_0)
FN:19,(anonymous_1)
FN:20,(anonymous_2)
FN:41,(anonymous_3)
FN:54,(anonymous_4)
FN:74,(anonymous_5)
FN:105,(anonymous_6)
FNF:7
FNH:7
FNDA:3,(anonymous_0)
FNDA:5,(anonymous_1)
FNDA:8,(anonymous_2)
FNDA:4,(anonymous_3)
FNDA:6,(anonymous_4)
FNDA:4,(anonymous_5)
FNDA:2,(anonymous_6)
DA:6,9
DA:7,3
DA:8,3
DA:9,3
DA:10,1
DA:11,1
DA:13,3
DA:14,3
DA:15,0
DA:16,0
DA:19,3
DA:20,5
DA:21,8
DA:24,8
DA:26,5
DA:29,3
DA:30,3
DA:36,0
DA:37,0
DA:41,9
DA:42,4
DA:43,4
DA:44,4
DA:45,2
DA:46,2
DA:48,4
DA:49,4
DA:50,1
DA:51,1
DA:54,3
DA:55,6
DA:58,6
DA:60,3
DA:62,3
DA:63,3
DA:69,0
DA:70,0
DA:74,9
DA:75,4
DA:76,4
DA:77,4
DA:78,0
DA:79,0
DA:81,4
DA:82,1
DA:83,1
DA:86,3
DA:87,0
DA:88,0
DA:90,3
DA:91,3
DA:93,3
DA:94,3
DA:100,0
DA:101,0
DA:105,9
DA:106,2
DA:107,2
DA:108,2
DA:109,0
DA:110,0
DA:112,2
DA:114,2
DA:115,2
DA:118,0
DA:119,0
LF:66
LH:50
BRDA:9,0,0,1
BRDA:9,0,1,2
BRDA:14,1,0,0
BRDA:14,1,1,3
BRDA:44,2,0,2
BRDA:44,2,1,2
BRDA:49,3,0,1
BRDA:49,3,1,3
BRDA:77,4,0,0
BRDA:77,4,1,4
BRDA:81,5,0,1
BRDA:81,5,1,3
BRDA:86,6,0,0
BRDA:86,6,1,3
BRDA:108,7,0,0
BRDA:108,7,1,2
BRF:16
BRH:12
end_of_record
TN:
SF:controllers\admin\admin.products.js
FN:5,(anonymous_0)
FN:29,(anonymous_1)
FN:57,(anonymous_2)
FN:90,(anonymous_3)
FN:113,(anonymous_4)
FNF:5
FNH:5
FNDA:3,(anonymous_0)
FNDA:4,(anonymous_1)
FNDA:4,(anonymous_2)
FNDA:4,(anonymous_3)
FNDA:5,(anonymous_4)
DA:5,9
DA:6,3
DA:7,3
DA:8,3
DA:10,3
DA:18,3
DA:20,3
DA:21,3
DA:24,0
DA:25,0
DA:29,9
DA:30,4
DA:31,4
DA:32,4
DA:34,4
DA:35,0
DA:36,0
DA:39,4
DA:40,4
DA:41,4
DA:43,4
DA:44,1
DA:45,1
DA:48,3
DA:49,3
DA:52,0
DA:53,0
DA:57,9
DA:58,4
DA:59,4
DA:60,4
DA:61,0
DA:62,0
DA:64,4
DA:65,4
DA:66,4
DA:67,4
DA:68,4
DA:69,1
DA:70,1
DA:73,3
DA:74,3
DA:75,3
DA:76,3
DA:77,3
DA:78,3
DA:79,3
DA:81,3
DA:82,3
DA:85,0
DA:86,0
DA:90,9
DA:91,4
DA:92,4
DA:93,4
DA:94,4
DA:95,4
DA:96,4
DA:97,1
DA:98,1
DA:99,1
DA:100,1
DA:102,4
DA:104,4
DA:105,4
DA:108,0
DA:109,0
DA:113,9
DA:114,5
DA:115,5
DA:116,5
DA:118,5
DA:119,5
DA:120,5
DA:121,5
DA:122,1
DA:123,1
DA:124,1
DA:125,1
DA:128,5
DA:129,5
DA:130,1
DA:131,1
DA:134,4
DA:135,4
DA:138,0
DA:139,0
LF:87
LH:73
BRDA:34,0,0,0
BRDA:34,0,1,4
BRDA:40,1,0,2
BRDA:40,1,1,2
BRDA:43,2,0,1
BRDA:43,2,1,3
BRDA:60,3,0,0
BRDA:60,3,1,4
BRDA:66,4,0,2
BRDA:66,4,1,2
BRDA:68,5,0,1
BRDA:68,5,1,3
BRDA:74,6,0,3
BRDA:74,6,1,0
BRDA:75,7,0,3
BRDA:75,7,1,0
BRDA:76,8,0,3
BRDA:76,8,1,0
BRDA:77,9,0,3
BRDA:77,9,1,0
BRDA:78,10,0,3
BRDA:78,10,1,0
BRDA:95,11,0,1
BRDA:95,11,1,3
BRDA:96,12,0,1
BRDA:96,12,1,3
BRDA:120,13,0,2
BRDA:120,13,1,3
BRDA:121,14,0,1
BRDA:121,14,1,4
BRDA:129,15,0,1
BRDA:129,15,1,4
BRF:32
BRH:25
end_of_record
TN:
SF:controllers\admin\admin.users.js
FN:5,(anonymous_0)
FN:28,(anonymous_1)
FN:55,(anonymous_2)
FNF:3
FNH:3
FNDA:3,(anonymous_0)
FNDA:3,(anonymous_1)
FNDA:2,(anonymous_2)
DA:5,9
DA:6,3
DA:7,3
DA:8,3
DA:9,1
DA:10,1
DA:11,1
DA:12,1
DA:13,1
DA:15,3
DA:16,3
DA:17,3
DA:23,0
DA:24,0
DA:28,9
DA:29,3
DA:30,3
DA:31,3
DA:32,1
DA:33,1
DA:34,1
DA:35,1
DA:36,1
DA:38,3
DA:39,3
DA:40,0
DA:41,0
DA:43,3
DA:44,3
DA:50,0
DA:51,0
DA:55,9
DA:56,2
DA:57,2
DA:58,2
DA:59,0
DA:60,0
DA:62,2
DA:63,2
DA:69,0
DA:70,0
LF:41
LH:31
BRDA:8,0,0,1
BRDA:8,0,1,2
BRDA:31,1,0,1
BRDA:31,1,1,2
BRDA:39,2,0,0
BRDA:39,2,1,3
BRDA:58,3,0,0
BRDA:58,3,1,2
BRF:8
BRH:6
end_of_record
TN:
SF:middleware\admin.auth.js
FN:6,(anonymous_0)
FN:41,(anonymous_1)
FN:57,(anonymous_2)
FNF:3
FNH:2
FNDA:78,(anonymous_0)
FNDA:0,(anonymous_1)
FNDA:77,(anonymous_2)
DA:6,9
DA:7,78
DA:8,78
DA:9,78
DA:10,1
DA:11,1
DA:14,77
DA:19,77
DA:20,77
DA:22,77
DA:23,0
DA:26,77
DA:27,77
DA:28,18
DA:29,18
DA:32,59
DA:33,59
DA:36,0
DA:37,0
DA:41,9
DA:42,0
DA:43,0
DA:45,0
DA:53,0
DA:54,0
DA:57,9
DA:58,77
DA:59,77
DA:60,77
DA:62,77
DA:63,77
DA:64,77
DA:65,77
DA:66,77
DA:69,77
DA:70,20
DA:74,57
DA:75,3
DA:79,54
DA:80,7
DA:84,47
DA:103,47
DA:104,47
DA:105,106
DA:108,29
DA:113,18
LF:46
LH:38
BRDA:9,0,0,1
BRDA:9,0,1,77
BRDA:22,1,0,0
BRDA:22,1,1,77
BRDA:27,2,0,18
BRDA:27,2,1,59
BRDA:69,3,0,20
BRDA:69,3,1,57
BRDA:74,4,0,3
BRDA:74,4,1,54
BRDA:79,5,0,7
BRDA:79,5,1,47
BRDA:79,6,0,54
BRDA:79,6,1,19
BRDA:103,7,0,47
BRDA:103,7,1,0
BRDA:105,8,0,29
BRDA:105,8,1,77
BRDA:106,9,0,106
BRDA:106,9,1,41
BRF:20
BRH:18
end_of_record
TN:
SF:middleware\admin.authValidator.js
FN:13,(anonymous_0)
FN:19,(anonymous_1)
FNF:2
FNH:2
FNDA:8,(anonymous_0)
FNDA:8,(anonymous_1)
DA:3,9
DA:14,8
DA:15,8
DA:20,8
DA:21,8
DA:26,9
LF:6
LH:6
BRF:0
BRH:0
end_of_record
TN:
SF:middleware\admin.productVadidator.js
FN:13,(anonymous_0)
FN:18,(anonymous_1)
FN:24,(anonymous_2)
FNF:3
FNH:3
FNDA:7,(anonymous_0)
FNDA:7,(anonymous_1)
FNDA:7,(anonymous_2)
DA:3,9
DA:14,7
DA:19,7
DA:20,7
DA:25,7
LF:5
LH:5
BRF:0
BRH:0
end_of_record
TN:
SF:middleware\auth.js
FN:7,(anonymous_0)
FN:36,(anonymous_1)
FN:60,(anonymous_2)
FNF:3
FNH:2
FNDA:21,(anonymous_0)
FNDA:2,(anonymous_1)
FNDA:0,(anonymous_2)
DA:7,9
DA:8,21
DA:9,21
DA:10,21
DA:11,3
DA:12,3
DA:15,18
DA:20,18
DA:21,18
DA:23,18
DA:24,0
DA:27,18
DA:28,18
DA:31,0
DA:32,0
DA:36,9
DA:37,2
DA:38,2
DA:40,2
DA:46,1
DA:47,1
DA:49,1
DA:50,0
DA:52,1
DA:55,1
DA:60,9
DA:61,0
DA:63,0
DA:64,0
DA:66,0
DA:74,0
DA:75,0
LF:32
LH:22
BRDA:10,0,0,3
BRDA:10,0,1,18
BRDA:23,1,0,0
BRDA:23,1,1,18
BRDA:49,2,0,0
BRDA:49,2,1,1
BRF:6
BRH:4
end_of_record
TN:
SF:middleware\authValidator.js
FN:17,(anonymous_0)
FNF:1
FNH:1
FNDA:2,(anonymous_0)
DA:3,9
DA:18,2
DA:19,2
DA:31,9
LF:4
LH:4
BRF:0
BRH:0
end_of_record
TN:
SF:middleware\errorHandler.js
FN:3,(anonymous_0)
FNF:1
FNH:1
FNDA:38,(anonymous_0)
DA:3,9
DA:4,38
DA:5,38
DA:6,38
DA:7,37
DA:9,1
DA:11,0
LF:7
LH:6
BRDA:4,0,0,38
BRDA:4,0,1,0
BRDA:6,1,0,37
BRDA:6,1,1,1
BRF:4
BRH:3
end_of_record
TN:
SF:middleware\routeNotFoundHandler.js
FN:1,(anonymous_0)
FNF:1
FNH:0
FNDA:0,(anonymous_0)
DA:1,9
DA:2,0
LF:2
LH:1
BRF:0
BRH:0
end_of_record
TN:
SF:models\Admin.js
FNF:0
FNH:0
DA:3,9
DA:28,9
LF:2
LH:2
BRF:0
BRH:0
end_of_record
TN:
SF:models\Order.js
FNF:0
FNH:0
DA:4,9
DA:45,9
DA:47,9
LF:3
LH:3
BRF:0
BRH:0
end_of_record
TN:
SF:models\Product.js
FNF:0
FNH:0
DA:4,9
DA:46,9
DA:48,9
LF:3
LH:3
BRF:0
BRH:0
end_of_record
TN:
SF:models\User.js
FNF:0
FNH:0
DA:3,9
DA:43,9
LF:2
LH:2
BRF:0
BRH:0
end_of_record
TN:
SF:routes\auth.js
FNF:0
FNH:0
DA:6,9
DA:8,9
DA:9,9
DA:10,9
LF:4
LH:4
BRF:0
BRH:0
end_of_record
TN:
SF:routes\orders.js
FNF:0
FNH:0
DA:5,9
DA:7,9
DA:8,9
DA:10,9
DA:11,9
DA:12,9
LF:6
LH:6
BRF:0
BRH:0
end_of_record
TN:
SF:routes\products.js
FNF:0
FNH:0
DA:5,9
DA:7,9
DA:8,9
DA:10,9
LF:4
LH:4
BRF:0
BRH:0
end_of_record
TN:
SF:routes\users.js
FNF:0
FNH:0
DA:5,9
DA:7,9
DA:8,9
DA:10,9
DA:11,9
LF:5
LH:5
BRF:0
BRH:0
end_of_record
TN:
SF:routes\admin\admin.js
FNF:0
FNH:0
DA:10,9
DA:12,9
DA:13,9
DA:14,9
DA:15,9
DA:17,9
DA:18,9
DA:20,9
DA:21,9
DA:22,9
LF:10
LH:10
BRF:0
BRH:0
end_of_record
TN:
SF:routes\admin\admin.orders.js
FNF:0
FNH:0
DA:5,9
DA:7,9
DA:8,9
DA:9,9
DA:10,9
LF:5
LH:5
BRF:0
BRH:0
end_of_record
TN:
SF:routes\admin\admin.products.js
FNF:0
FNH:0
DA:6,9
DA:8,9
DA:9,9
DA:10,9
DA:11,9
DA:12,9
LF:6
LH:6
BRF:0
BRH:0
end_of_record
TN:
SF:routes\admin\admin.users.js
FNF:0
FNH:0
DA:5,9
DA:7,9
DA:8,9
DA:9,9
LF:4
LH:4
BRF:0
BRH:0
end_of_record
TN:
SF:services\logger.js
FN:6,(anonymous_0)
FNF:1
FNH:1
FNDA:224,(anonymous_0)
DA:4,9
DA:6,9
DA:7,224
DA:8,224
DA:9,224
DA:10,224
DA:11,224
DA:13,224
DA:16,9
DA:30,9
LF:10
LH:10
BRDA:4,0,0,9
BRDA:4,0,1,9
BRDA:9,1,0,224
BRDA:9,1,1,0
BRF:4
BRH:3
end_of_record
TN:
SF:services\mongo.js
FN:3,(anonymous_0)
FN:7,(anonymous_1)
FN:11,(anonymous_2)
FN:21,(anonymous_3)
FNF:4
FNH:3
FNDA:9,(anonymous_0)
FNDA:0,(anonymous_1)
FNDA:9,(anonymous_2)
FNDA:9,(anonymous_3)
DA:3,9
DA:4,9
DA:7,9
DA:8,0
DA:11,9
DA:12,9
DA:21,9
DA:22,9
LF:8
LH:7
BRF:0
BRH:0
end_of_record
TN:
SF:services\razorpay.js
FNF:0
FNH:0
DA:3,9
DA:5,9
LF:2
LH:2
BRF:0
BRH:0
end_of_record
TN:
SF:utils\APIError.js
FN:2,(anonymous_0)
FN:10,(anonymous_1)
FNF:2
FNH:2
FNDA:38,(anonymous_0)
FNDA:38,(anonymous_1)
DA:3,38
DA:4,38
DA:5,38
DA:6,38
DA:10,9
DA:11,38
LF:6
LH:6
BRF:0
BRH:0
end_of_record
